<?xml version="1.0" encoding="UTF-8"?>
<testsuite name="Binance.BinanceTest" tests="5" skipped="0" failures="0" errors="0" timestamp="2024-06-30T23:40:51" hostname="DESKTOP-KKERF7V" time="130.548">
  <properties/>
  <testcase name="testCase_1()" classname="Binance.BinanceTest" time="26.54"/>
  <testcase name="testCase_2()" classname="Binance.BinanceTest" time="17.501"/>
  <testcase name="testCase_3()" classname="Binance.BinanceTest" time="43.134"/>
  <testcase name="testCase_4()" classname="Binance.BinanceTest" time="29.429"/>
  <testcase name="testCase_5()" classname="Binance.BinanceTest" time="13.903"/>
  <system-out><![CDATA[02:40:51.792 [Test worker] DEBUG io.github.bonigarcia.wdm.WebDriverManager -- Using WebDriverManager 5.6.4
02:40:52.400 [Finalizer] DEBUG org.apache.http.impl.conn.DefaultClientConnection -- Connection 0.0.0.0:65326<->108.156.18.84:443 closed
02:40:52.402 [Finalizer] DEBUG org.apache.http.impl.conn.DefaultClientConnection -- Connection 0.0.0.0:65325<->108.156.18.84:443 closed
02:40:52.446 [Test worker] DEBUG io.github.bonigarcia.wdm.cache.ResolutionCache -- Resolution chrome=126 in cache (valid until 03:28:42 01/07/2024 MSK)
02:40:52.448 [Test worker] DEBUG io.github.bonigarcia.wdm.cache.ResolutionCache -- Resolution chrome126=126.0.6478.126 in cache (valid until 00:00:53 02/07/2024 MSK)
02:40:52.450 [Test worker] INFO io.github.bonigarcia.wdm.WebDriverManager -- Using chromedriver 126.0.6478.126 (resolved driver for Chrome 126)
02:40:52.543 [Test worker] DEBUG io.github.bonigarcia.wdm.WebDriverManager -- Driver chromedriver 126.0.6478.126 found in cache
02:40:52.545 [Test worker] INFO io.github.bonigarcia.wdm.WebDriverManager -- Exporting webdriver.chrome.driver as C:\Users\lebed\.cache\selenium\chromedriver\win64\126.0.6478.126\chromedriver.exe
02:40:52.570 [Test worker] DEBUG com.codeborne.selenide.impl.CiReportUrl -- Variable selenide.reportsUrl not found
02:40:52.789 [Test worker] DEBUG com.codeborne.selenide.impl.Plugins -- Using default implementation of com.codeborne.selenide.impl.Photographer: com.codeborne.selenide.impl.WebdriverPhotographer
02:40:52.796 [Test worker] DEBUG com.codeborne.selenide.impl.Plugins -- Using default implementation of com.codeborne.selenide.impl.PageSourceExtractor: com.codeborne.selenide.impl.WebPageSourceExtractor
02:40:52.829 [Test worker] DEBUG com.codeborne.selenide.impl.Plugins -- Using default implementation of com.codeborne.selenide.impl.PageObjectFactory: com.codeborne.selenide.impl.SelenidePageFactory
02:40:52.888 [Test worker] DEBUG com.codeborne.selenide.impl.Plugins -- Using default implementation of com.codeborne.selenide.impl.WebElementSelector: com.codeborne.selenide.impl.WebElementSelector
02:40:52.894 [Test worker] DEBUG com.codeborne.selenide.impl.Plugins -- Using default implementation of com.codeborne.selenide.impl.ElementDescriber: com.codeborne.selenide.impl.SelenideElementDescriber
02:40:53.033 [Test worker] INFO com.codeborne.selenide.impl.WebDriverThreadLocalContainer -- No webdriver is bound to current thread: 1 - let's create a new webdriver
02:40:53.112 [Test worker] DEBUG com.codeborne.selenide.drivercommands.CreateDriverCommand -- Creating webdriver in thread 1 (ip: 192.168.1.71, host: DESKTOP-KKERF7V)...
02:40:53.116 [Test worker] INFO com.codeborne.selenide.impl.FileHelper -- Creating folder: C:\Users\lebed\IdeaProjects\binance_selenium_test_project\build\downloads\1719790853113_22644_1
02:40:53.120 [Test worker] DEBUG com.codeborne.selenide.webdriver.WebDriverFactory -- browser=chrome
02:40:53.120 [Test worker] DEBUG com.codeborne.selenide.webdriver.WebDriverFactory -- browser.version=null
02:40:53.121 [Test worker] DEBUG com.codeborne.selenide.webdriver.WebDriverFactory -- remote=null
02:40:53.121 [Test worker] DEBUG com.codeborne.selenide.webdriver.WebDriverFactory -- browserSize=1920x1080
02:40:53.121 [Test worker] DEBUG com.codeborne.selenide.webdriver.WebDriverFactory -- downloadsFolder=C:\Users\lebed\IdeaProjects\binance_selenium_test_project\build\downloads\1719790853113_22644_1
02:40:53.190 [Test worker] DEBUG com.codeborne.selenide.webdriver.AbstractChromiumDriverFactory -- Using chromium preferences: {credentials_enable_service=false, safebrowsing.enabled=true, plugins.always_open_pdf_externally=true, profile.default_content_setting_values.automatic_downloads=1, profile.password_manager_enabled=false, profile.password_manager_leak_detection=false, download.default_directory=C:\Users\lebed\IdeaProjects\binance_selenium_test_project\build\downloads\1719790853113_22644_1}
02:40:53.191 [Test worker] DEBUG com.codeborne.selenide.webdriver.ChromeDriverFactory -- Chrome options: Capabilities {acceptInsecureCerts: true, browserName: chrome, goog:chromeOptions: {args: [--headless=new, --proxy-bypass-list=<-loopb..., --disable-dev-shm-usage, --remote-allow-origins=*, --disable-background-networ..., --enable-features=NetworkSe..., --disable-background-timer-..., --disable-backgrounding-occ..., --disable-breakpad, --disable-client-side-phish..., --disable-component-extensi..., --disable-default-apps, --disable-features=TranslateUI, --disable-hang-monitor, --disable-ipc-flooding-prot..., --disable-popup-blocking, --disable-prompt-on-repost, --disable-renderer-backgrou..., --disable-sync, --force-color-profile=srgb, --metrics-recording-only, --no-first-run, --password-store=basic, --use-mock-keychain, --hide-scrollbars, --mute-audio, --window-size=1920,1080], excludeSwitches: [enable-automation, load-extension], extensions: [], prefs: {credentials_enable_service: false, download.default_directory: C:\Users\lebed\IdeaProjects..., plugins.always_open_pdf_externally: true, profile.default_content_setting_values.automatic_downloads: 1, profile.password_manager_enabled: false, profile.password_manager_leak_detection: false, safebrowsing.enabled: true}}, pageLoadStrategy: eager, unhandledPromptBehavior: accept}
02:40:57.206 [Test worker] INFO com.codeborne.selenide.webdriver.WebDriverFactory -- BrowserName=chrome Version=126.0.6478.63 Platform=windows
02:40:57.206 [Test worker] INFO com.codeborne.selenide.webdriver.WebDriverFactory -- Selenide v. 7.3.3
02:40:57.207 [Test worker] INFO com.codeborne.selenide.webdriver.WebDriverFactory -- Selenium WebDriver v. 4.22.0 build revision: c5f3146703*
02:40:57.207 [Test worker] INFO com.codeborne.selenide.drivercommands.CreateDriverCommand -- Created webdriver in thread 1: ChromeDriver -> ChromeDriver: chrome on windows (7a1bd4040557c43ceb521d4595215bbf), downloadsFolder: C:\Users\lebed\IdeaProjects\binance_selenium_test_project\build\downloads\1719790853113_22644_1
02:40:57.214 [Test worker] INFO com.codeborne.selenide.drivercommands.DisposablesRegistry -- Register WebDriverInstance[config=StaticConfig, webDriver=ChromeDriver: chrome on windows (7a1bd4040557c43ceb521d4595215bbf), proxy=null, downloadsFolder=C:\Users\lebed\IdeaProjects\binance_selenium_test_project\build\downloads\1719790853113_22644_1] in 1 [size=1]
02:40:57.236 [Test worker] INFO com.codeborne.selenide.drivercommands.DisposablesRegistry -- Add shutdown hook in 1 [size=1]
02:41:02.262 [Test worker] DEBUG com.codeborne.selenide.impl.Plugins -- Using default implementation of com.codeborne.selenide.commands.Clear: com.codeborne.selenide.commands.Clear
02:41:02.394 [Test worker] DEBUG com.codeborne.selenide.impl.Plugins -- Using default implementation of com.codeborne.selenide.impl.DownloadFileToFolder: com.codeborne.selenide.impl.DownloadFileToFolder
02:41:02.399 [Test worker] DEBUG com.codeborne.selenide.impl.Plugins -- Using default implementation of com.codeborne.selenide.impl.DownloadFileWithCdp: com.codeborne.selenide.impl.DownloadFileWithCdp
02:41:02.418 [Test worker] DEBUG com.codeborne.selenide.impl.Plugins -- Using default implementation of com.codeborne.selenide.commands.Commands: com.codeborne.selenide.commands.Commands
02:41:04.308 [Test worker] DEBUG com.codeborne.selenide.impl.Plugins -- Using default implementation of com.codeborne.selenide.impl.ElementCommunicator: com.codeborne.selenide.impl.WebElementCommunicator
02:41:13.226 [Test worker] DEBUG com.codeborne.selenide.impl.Plugins -- Using default implementation of com.codeborne.selenide.ex.ErrorFormatter: com.codeborne.selenide.ex.SelenideErrorFormatter
02:41:18.035 [Test worker] INFO com.codeborne.selenide.impl.FileHelper -- Deleted empty folder: C:\Users\lebed\IdeaProjects\binance_selenium_test_project\build\downloads\1719790853113_22644_1
02:41:18.035 [Test worker] INFO com.codeborne.selenide.drivercommands.CloseDriverCommand -- Close webdriver: 1 -> ChromeDriver: chrome on windows (7a1bd4040557c43ceb521d4595215bbf)...
02:41:18.245 [Test worker] INFO com.codeborne.selenide.drivercommands.CloseDriverCommand -- Closed webdriver 1 in 210 ms
02:41:18.248 [Test worker] INFO com.codeborne.selenide.drivercommands.DisposablesRegistry -- Unregister WebDriverInstance[config=StaticConfig, webDriver=ChromeDriver: chrome on windows (null), proxy=null, downloadsFolder=C:\Users\lebed\IdeaProjects\binance_selenium_test_project\build\downloads\1719790853113_22644_1] in 1 [size=0]
02:41:18.260 [Test worker] DEBUG io.github.bonigarcia.wdm.WebDriverManager -- Using WebDriverManager 5.6.4
02:41:18.269 [Test worker] DEBUG io.github.bonigarcia.wdm.cache.ResolutionCache -- Resolution chrome=126 in cache (valid until 03:28:42 01/07/2024 MSK)
02:41:18.270 [Test worker] DEBUG io.github.bonigarcia.wdm.cache.ResolutionCache -- Resolution chrome126=126.0.6478.126 in cache (valid until 00:00:53 02/07/2024 MSK)
02:41:18.270 [Test worker] INFO io.github.bonigarcia.wdm.WebDriverManager -- Using chromedriver 126.0.6478.126 (resolved driver for Chrome 126)
02:41:18.281 [Test worker] DEBUG io.github.bonigarcia.wdm.WebDriverManager -- Driver chromedriver 126.0.6478.126 found in cache
02:41:18.282 [Test worker] INFO io.github.bonigarcia.wdm.WebDriverManager -- Exporting webdriver.chrome.driver as C:\Users\lebed\.cache\selenium\chromedriver\win64\126.0.6478.126\chromedriver.exe
02:41:18.283 [Test worker] INFO com.codeborne.selenide.impl.WebDriverThreadLocalContainer -- No webdriver is bound to current thread: 1 - let's create a new webdriver
02:41:18.283 [Test worker] DEBUG com.codeborne.selenide.drivercommands.CreateDriverCommand -- Creating webdriver in thread 1 (ip: 192.168.1.71, host: DESKTOP-KKERF7V)...
02:41:18.283 [Test worker] INFO com.codeborne.selenide.impl.FileHelper -- Creating folder: C:\Users\lebed\IdeaProjects\binance_selenium_test_project\build\downloads\1719790878283_22644_1
02:41:18.284 [Test worker] DEBUG com.codeborne.selenide.webdriver.WebDriverFactory -- browser=chrome
02:41:18.284 [Test worker] DEBUG com.codeborne.selenide.webdriver.WebDriverFactory -- browser.version=null
02:41:18.284 [Test worker] DEBUG com.codeborne.selenide.webdriver.WebDriverFactory -- remote=null
02:41:18.284 [Test worker] DEBUG com.codeborne.selenide.webdriver.WebDriverFactory -- browserSize=1920x1080
02:41:18.284 [Test worker] DEBUG com.codeborne.selenide.webdriver.WebDriverFactory -- downloadsFolder=C:\Users\lebed\IdeaProjects\binance_selenium_test_project\build\downloads\1719790878283_22644_1
02:41:18.285 [Test worker] DEBUG com.codeborne.selenide.webdriver.AbstractChromiumDriverFactory -- Using chromium preferences: {credentials_enable_service=false, safebrowsing.enabled=true, plugins.always_open_pdf_externally=true, profile.default_content_setting_values.automatic_downloads=1, profile.password_manager_enabled=false, profile.password_manager_leak_detection=false, download.default_directory=C:\Users\lebed\IdeaProjects\binance_selenium_test_project\build\downloads\1719790878283_22644_1}
02:41:18.285 [Test worker] DEBUG com.codeborne.selenide.webdriver.ChromeDriverFactory -- Chrome options: Capabilities {acceptInsecureCerts: true, browserName: chrome, goog:chromeOptions: {args: [--headless=new, --proxy-bypass-list=<-loopb..., --disable-dev-shm-usage, --remote-allow-origins=*, --disable-background-networ..., --enable-features=NetworkSe..., --disable-background-timer-..., --disable-backgrounding-occ..., --disable-breakpad, --disable-client-side-phish..., --disable-component-extensi..., --disable-default-apps, --disable-features=TranslateUI, --disable-hang-monitor, --disable-ipc-flooding-prot..., --disable-popup-blocking, --disable-prompt-on-repost, --disable-renderer-backgrou..., --disable-sync, --force-color-profile=srgb, --metrics-recording-only, --no-first-run, --password-store=basic, --use-mock-keychain, --hide-scrollbars, --mute-audio, --window-size=1920,1080], excludeSwitches: [enable-automation, load-extension], extensions: [], prefs: {credentials_enable_service: false, download.default_directory: C:\Users\lebed\IdeaProjects..., plugins.always_open_pdf_externally: true, profile.default_content_setting_values.automatic_downloads: 1, profile.password_manager_enabled: false, profile.password_manager_leak_detection: false, safebrowsing.enabled: true}}, pageLoadStrategy: eager, unhandledPromptBehavior: accept}
02:41:19.294 [Test worker] INFO com.codeborne.selenide.webdriver.WebDriverFactory -- BrowserName=chrome Version=126.0.6478.63 Platform=windows
02:41:19.294 [Test worker] INFO com.codeborne.selenide.webdriver.WebDriverFactory -- Selenide v. 7.3.3
02:41:19.294 [Test worker] INFO com.codeborne.selenide.webdriver.WebDriverFactory -- Selenium WebDriver v. 4.22.0 build revision: c5f3146703*
02:41:19.294 [Test worker] INFO com.codeborne.selenide.drivercommands.CreateDriverCommand -- Created webdriver in thread 1: ChromeDriver -> ChromeDriver: chrome on windows (78a51cbcff42f686b68ef8e76adb2d31), downloadsFolder: C:\Users\lebed\IdeaProjects\binance_selenium_test_project\build\downloads\1719790878283_22644_1
02:41:19.295 [Test worker] INFO com.codeborne.selenide.drivercommands.DisposablesRegistry -- Register WebDriverInstance[config=StaticConfig, webDriver=ChromeDriver: chrome on windows (78a51cbcff42f686b68ef8e76adb2d31), proxy=null, downloadsFolder=C:\Users\lebed\IdeaProjects\binance_selenium_test_project\build\downloads\1719790878283_22644_1] in 1 [size=1]
BB $0.4728
ZK $0.1781
LISTA $0.7203
NOT $0.01458
TAO $273.40
ZRO $3.45
IO $3.39
REZ $0.0867
OMNI $14.55
SAGA $1.35
02:41:35.346 [Test worker] INFO com.codeborne.selenide.impl.FileHelper -- Deleted empty folder: C:\Users\lebed\IdeaProjects\binance_selenium_test_project\build\downloads\1719790878283_22644_1
02:41:35.346 [Test worker] INFO com.codeborne.selenide.drivercommands.CloseDriverCommand -- Close webdriver: 1 -> ChromeDriver: chrome on windows (78a51cbcff42f686b68ef8e76adb2d31)...
02:41:35.757 [Test worker] INFO com.codeborne.selenide.drivercommands.CloseDriverCommand -- Closed webdriver 1 in 411 ms
02:41:35.757 [Test worker] INFO com.codeborne.selenide.drivercommands.DisposablesRegistry -- Unregister WebDriverInstance[config=StaticConfig, webDriver=ChromeDriver: chrome on windows (null), proxy=null, downloadsFolder=C:\Users\lebed\IdeaProjects\binance_selenium_test_project\build\downloads\1719790878283_22644_1] in 1 [size=0]
02:41:35.786 [Test worker] DEBUG io.github.bonigarcia.wdm.WebDriverManager -- Using WebDriverManager 5.6.4
02:41:35.813 [Test worker] DEBUG io.github.bonigarcia.wdm.cache.ResolutionCache -- Resolution chrome=126 in cache (valid until 03:28:42 01/07/2024 MSK)
02:41:35.814 [Test worker] DEBUG io.github.bonigarcia.wdm.cache.ResolutionCache -- Resolution chrome126=126.0.6478.126 in cache (valid until 00:00:53 02/07/2024 MSK)
02:41:35.815 [Test worker] INFO io.github.bonigarcia.wdm.WebDriverManager -- Using chromedriver 126.0.6478.126 (resolved driver for Chrome 126)
02:41:35.851 [Test worker] DEBUG io.github.bonigarcia.wdm.WebDriverManager -- Driver chromedriver 126.0.6478.126 found in cache
02:41:35.853 [Test worker] INFO io.github.bonigarcia.wdm.WebDriverManager -- Exporting webdriver.chrome.driver as C:\Users\lebed\.cache\selenium\chromedriver\win64\126.0.6478.126\chromedriver.exe
02:41:35.855 [Test worker] INFO com.codeborne.selenide.impl.WebDriverThreadLocalContainer -- No webdriver is bound to current thread: 1 - let's create a new webdriver
02:41:35.855 [Test worker] DEBUG com.codeborne.selenide.drivercommands.CreateDriverCommand -- Creating webdriver in thread 1 (ip: 192.168.1.71, host: DESKTOP-KKERF7V)...
02:41:35.856 [Test worker] INFO com.codeborne.selenide.impl.FileHelper -- Creating folder: C:\Users\lebed\IdeaProjects\binance_selenium_test_project\build\downloads\1719790895855_22644_1
02:41:35.858 [Test worker] DEBUG com.codeborne.selenide.webdriver.WebDriverFactory -- browser=chrome
02:41:35.858 [Test worker] DEBUG com.codeborne.selenide.webdriver.WebDriverFactory -- browser.version=null
02:41:35.858 [Test worker] DEBUG com.codeborne.selenide.webdriver.WebDriverFactory -- remote=null
02:41:35.858 [Test worker] DEBUG com.codeborne.selenide.webdriver.WebDriverFactory -- browserSize=1920x1080
02:41:35.858 [Test worker] DEBUG com.codeborne.selenide.webdriver.WebDriverFactory -- downloadsFolder=C:\Users\lebed\IdeaProjects\binance_selenium_test_project\build\downloads\1719790895855_22644_1
02:41:35.862 [Test worker] DEBUG com.codeborne.selenide.webdriver.AbstractChromiumDriverFactory -- Using chromium preferences: {credentials_enable_service=false, safebrowsing.enabled=true, plugins.always_open_pdf_externally=true, profile.default_content_setting_values.automatic_downloads=1, profile.password_manager_enabled=false, profile.password_manager_leak_detection=false, download.default_directory=C:\Users\lebed\IdeaProjects\binance_selenium_test_project\build\downloads\1719790895855_22644_1}
02:41:35.864 [Test worker] DEBUG com.codeborne.selenide.webdriver.ChromeDriverFactory -- Chrome options: Capabilities {acceptInsecureCerts: true, browserName: chrome, goog:chromeOptions: {args: [--headless=new, --proxy-bypass-list=<-loopb..., --disable-dev-shm-usage, --remote-allow-origins=*, --disable-background-networ..., --enable-features=NetworkSe..., --disable-background-timer-..., --disable-backgrounding-occ..., --disable-breakpad, --disable-client-side-phish..., --disable-component-extensi..., --disable-default-apps, --disable-features=TranslateUI, --disable-hang-monitor, --disable-ipc-flooding-prot..., --disable-popup-blocking, --disable-prompt-on-repost, --disable-renderer-backgrou..., --disable-sync, --force-color-profile=srgb, --metrics-recording-only, --no-first-run, --password-store=basic, --use-mock-keychain, --hide-scrollbars, --mute-audio, --window-size=1920,1080], excludeSwitches: [enable-automation, load-extension], extensions: [], prefs: {credentials_enable_service: false, download.default_directory: C:\Users\lebed\IdeaProjects..., plugins.always_open_pdf_externally: true, profile.default_content_setting_values.automatic_downloads: 1, profile.password_manager_enabled: false, profile.password_manager_leak_detection: false, safebrowsing.enabled: true}}, pageLoadStrategy: eager, unhandledPromptBehavior: accept}
02:41:37.638 [Test worker] INFO com.codeborne.selenide.webdriver.WebDriverFactory -- BrowserName=chrome Version=126.0.6478.63 Platform=windows
02:41:37.639 [Test worker] INFO com.codeborne.selenide.webdriver.WebDriverFactory -- Selenide v. 7.3.3
02:41:37.639 [Test worker] INFO com.codeborne.selenide.webdriver.WebDriverFactory -- Selenium WebDriver v. 4.22.0 build revision: c5f3146703*
02:41:37.639 [Test worker] INFO com.codeborne.selenide.drivercommands.CreateDriverCommand -- Created webdriver in thread 1: ChromeDriver -> ChromeDriver: chrome on windows (818daa113bfab3531b572a1b0d0d5634), downloadsFolder: C:\Users\lebed\IdeaProjects\binance_selenium_test_project\build\downloads\1719790895855_22644_1
02:41:37.639 [Test worker] INFO com.codeborne.selenide.drivercommands.DisposablesRegistry -- Register WebDriverInstance[config=StaticConfig, webDriver=ChromeDriver: chrome on windows (818daa113bfab3531b572a1b0d0d5634), proxy=null, downloadsFolder=C:\Users\lebed\IdeaProjects\binance_selenium_test_project\build\downloads\1719790895855_22644_1] in 1 [size=1]
02:42:18.708 [Test worker] INFO com.codeborne.selenide.impl.FileHelper -- Deleted empty folder: C:\Users\lebed\IdeaProjects\binance_selenium_test_project\build\downloads\1719790895855_22644_1
02:42:18.708 [Test worker] INFO com.codeborne.selenide.drivercommands.CloseDriverCommand -- Close webdriver: 1 -> ChromeDriver: chrome on windows (818daa113bfab3531b572a1b0d0d5634)...
02:42:18.911 [Test worker] INFO com.codeborne.selenide.drivercommands.CloseDriverCommand -- Closed webdriver 1 in 203 ms
02:42:18.911 [Test worker] INFO com.codeborne.selenide.drivercommands.DisposablesRegistry -- Unregister WebDriverInstance[config=StaticConfig, webDriver=ChromeDriver: chrome on windows (null), proxy=null, downloadsFolder=C:\Users\lebed\IdeaProjects\binance_selenium_test_project\build\downloads\1719790895855_22644_1] in 1 [size=0]
02:42:18.919 [Test worker] DEBUG io.github.bonigarcia.wdm.WebDriverManager -- Using WebDriverManager 5.6.4
02:42:18.927 [Test worker] DEBUG io.github.bonigarcia.wdm.cache.ResolutionCache -- Resolution chrome=126 in cache (valid until 03:28:42 01/07/2024 MSK)
02:42:18.928 [Test worker] DEBUG io.github.bonigarcia.wdm.cache.ResolutionCache -- Resolution chrome126=126.0.6478.126 in cache (valid until 00:00:53 02/07/2024 MSK)
02:42:18.928 [Test worker] INFO io.github.bonigarcia.wdm.WebDriverManager -- Using chromedriver 126.0.6478.126 (resolved driver for Chrome 126)
02:42:18.937 [Test worker] DEBUG io.github.bonigarcia.wdm.WebDriverManager -- Driver chromedriver 126.0.6478.126 found in cache
02:42:18.938 [Test worker] INFO io.github.bonigarcia.wdm.WebDriverManager -- Exporting webdriver.chrome.driver as C:\Users\lebed\.cache\selenium\chromedriver\win64\126.0.6478.126\chromedriver.exe
02:42:18.939 [Test worker] INFO com.codeborne.selenide.impl.WebDriverThreadLocalContainer -- No webdriver is bound to current thread: 1 - let's create a new webdriver
02:42:18.939 [Test worker] DEBUG com.codeborne.selenide.drivercommands.CreateDriverCommand -- Creating webdriver in thread 1 (ip: 192.168.1.71, host: DESKTOP-KKERF7V)...
02:42:18.939 [Test worker] INFO com.codeborne.selenide.impl.FileHelper -- Creating folder: C:\Users\lebed\IdeaProjects\binance_selenium_test_project\build\downloads\1719790938939_22644_1
02:42:18.940 [Test worker] DEBUG com.codeborne.selenide.webdriver.WebDriverFactory -- browser=chrome
02:42:18.940 [Test worker] DEBUG com.codeborne.selenide.webdriver.WebDriverFactory -- browser.version=null
02:42:18.940 [Test worker] DEBUG com.codeborne.selenide.webdriver.WebDriverFactory -- remote=null
02:42:18.940 [Test worker] DEBUG com.codeborne.selenide.webdriver.WebDriverFactory -- browserSize=1920x1080
02:42:18.940 [Test worker] DEBUG com.codeborne.selenide.webdriver.WebDriverFactory -- downloadsFolder=C:\Users\lebed\IdeaProjects\binance_selenium_test_project\build\downloads\1719790938939_22644_1
02:42:18.941 [Test worker] DEBUG com.codeborne.selenide.webdriver.AbstractChromiumDriverFactory -- Using chromium preferences: {credentials_enable_service=false, safebrowsing.enabled=true, plugins.always_open_pdf_externally=true, profile.default_content_setting_values.automatic_downloads=1, profile.password_manager_enabled=false, profile.password_manager_leak_detection=false, download.default_directory=C:\Users\lebed\IdeaProjects\binance_selenium_test_project\build\downloads\1719790938939_22644_1}
02:42:18.941 [Test worker] DEBUG com.codeborne.selenide.webdriver.ChromeDriverFactory -- Chrome options: Capabilities {acceptInsecureCerts: true, browserName: chrome, goog:chromeOptions: {args: [--headless=new, --proxy-bypass-list=<-loopb..., --disable-dev-shm-usage, --remote-allow-origins=*, --disable-background-networ..., --enable-features=NetworkSe..., --disable-background-timer-..., --disable-backgrounding-occ..., --disable-breakpad, --disable-client-side-phish..., --disable-component-extensi..., --disable-default-apps, --disable-features=TranslateUI, --disable-hang-monitor, --disable-ipc-flooding-prot..., --disable-popup-blocking, --disable-prompt-on-repost, --disable-renderer-backgrou..., --disable-sync, --force-color-profile=srgb, --metrics-recording-only, --no-first-run, --password-store=basic, --use-mock-keychain, --hide-scrollbars, --mute-audio, --window-size=1920,1080], excludeSwitches: [enable-automation, load-extension], extensions: [], prefs: {credentials_enable_service: false, download.default_directory: C:\Users\lebed\IdeaProjects..., plugins.always_open_pdf_externally: true, profile.default_content_setting_values.automatic_downloads: 1, profile.password_manager_enabled: false, profile.password_manager_leak_detection: false, safebrowsing.enabled: true}}, pageLoadStrategy: eager, unhandledPromptBehavior: accept}
02:42:20.062 [Test worker] INFO com.codeborne.selenide.webdriver.WebDriverFactory -- BrowserName=chrome Version=126.0.6478.63 Platform=windows
02:42:20.063 [Test worker] INFO com.codeborne.selenide.webdriver.WebDriverFactory -- Selenide v. 7.3.3
02:42:20.063 [Test worker] INFO com.codeborne.selenide.webdriver.WebDriverFactory -- Selenium WebDriver v. 4.22.0 build revision: c5f3146703*
02:42:20.063 [Test worker] INFO com.codeborne.selenide.drivercommands.CreateDriverCommand -- Created webdriver in thread 1: ChromeDriver -> ChromeDriver: chrome on windows (c43fe24ec9927c31ee74f345923c0c68), downloadsFolder: C:\Users\lebed\IdeaProjects\binance_selenium_test_project\build\downloads\1719790938939_22644_1
02:42:20.063 [Test worker] INFO com.codeborne.selenide.drivercommands.DisposablesRegistry -- Register WebDriverInstance[config=StaticConfig, webDriver=ChromeDriver: chrome on windows (c43fe24ec9927c31ee74f345923c0c68), proxy=null, downloadsFolder=C:\Users\lebed\IdeaProjects\binance_selenium_test_project\build\downloads\1719790938939_22644_1] in 1 [size=1]
02:42:48.141 [Test worker] INFO com.codeborne.selenide.impl.FileHelper -- Deleted empty folder: C:\Users\lebed\IdeaProjects\binance_selenium_test_project\build\downloads\1719790938939_22644_1
02:42:48.141 [Test worker] INFO com.codeborne.selenide.drivercommands.CloseDriverCommand -- Close webdriver: 1 -> ChromeDriver: chrome on windows (c43fe24ec9927c31ee74f345923c0c68)...
02:42:48.345 [Test worker] INFO com.codeborne.selenide.drivercommands.CloseDriverCommand -- Closed webdriver 1 in 204 ms
02:42:48.345 [Test worker] INFO com.codeborne.selenide.drivercommands.DisposablesRegistry -- Unregister WebDriverInstance[config=StaticConfig, webDriver=ChromeDriver: chrome on windows (null), proxy=null, downloadsFolder=C:\Users\lebed\IdeaProjects\binance_selenium_test_project\build\downloads\1719790938939_22644_1] in 1 [size=0]
02:42:48.355 [Test worker] DEBUG io.github.bonigarcia.wdm.WebDriverManager -- Using WebDriverManager 5.6.4
02:42:48.363 [Test worker] DEBUG io.github.bonigarcia.wdm.cache.ResolutionCache -- Resolution chrome=126 in cache (valid until 03:28:42 01/07/2024 MSK)
02:42:48.364 [Test worker] DEBUG io.github.bonigarcia.wdm.cache.ResolutionCache -- Resolution chrome126=126.0.6478.126 in cache (valid until 00:00:53 02/07/2024 MSK)
02:42:48.364 [Test worker] INFO io.github.bonigarcia.wdm.WebDriverManager -- Using chromedriver 126.0.6478.126 (resolved driver for Chrome 126)
02:42:48.375 [Test worker] DEBUG io.github.bonigarcia.wdm.WebDriverManager -- Driver chromedriver 126.0.6478.126 found in cache
02:42:48.376 [Test worker] INFO io.github.bonigarcia.wdm.WebDriverManager -- Exporting webdriver.chrome.driver as C:\Users\lebed\.cache\selenium\chromedriver\win64\126.0.6478.126\chromedriver.exe
02:42:48.377 [Test worker] INFO com.codeborne.selenide.impl.WebDriverThreadLocalContainer -- No webdriver is bound to current thread: 1 - let's create a new webdriver
02:42:48.377 [Test worker] DEBUG com.codeborne.selenide.drivercommands.CreateDriverCommand -- Creating webdriver in thread 1 (ip: 192.168.1.71, host: DESKTOP-KKERF7V)...
02:42:48.378 [Test worker] INFO com.codeborne.selenide.impl.FileHelper -- Creating folder: C:\Users\lebed\IdeaProjects\binance_selenium_test_project\build\downloads\1719790968377_22644_1
02:42:48.379 [Test worker] DEBUG com.codeborne.selenide.webdriver.WebDriverFactory -- browser=chrome
02:42:48.379 [Test worker] DEBUG com.codeborne.selenide.webdriver.WebDriverFactory -- browser.version=null
02:42:48.379 [Test worker] DEBUG com.codeborne.selenide.webdriver.WebDriverFactory -- remote=null
02:42:48.379 [Test worker] DEBUG com.codeborne.selenide.webdriver.WebDriverFactory -- browserSize=1920x1080
02:42:48.379 [Test worker] DEBUG com.codeborne.selenide.webdriver.WebDriverFactory -- downloadsFolder=C:\Users\lebed\IdeaProjects\binance_selenium_test_project\build\downloads\1719790968377_22644_1
02:42:48.379 [Test worker] DEBUG com.codeborne.selenide.webdriver.AbstractChromiumDriverFactory -- Using chromium preferences: {credentials_enable_service=false, safebrowsing.enabled=true, plugins.always_open_pdf_externally=true, profile.default_content_setting_values.automatic_downloads=1, profile.password_manager_enabled=false, profile.password_manager_leak_detection=false, download.default_directory=C:\Users\lebed\IdeaProjects\binance_selenium_test_project\build\downloads\1719790968377_22644_1}
02:42:48.380 [Test worker] DEBUG com.codeborne.selenide.webdriver.ChromeDriverFactory -- Chrome options: Capabilities {acceptInsecureCerts: true, browserName: chrome, goog:chromeOptions: {args: [--headless=new, --proxy-bypass-list=<-loopb..., --disable-dev-shm-usage, --remote-allow-origins=*, --disable-background-networ..., --enable-features=NetworkSe..., --disable-background-timer-..., --disable-backgrounding-occ..., --disable-breakpad, --disable-client-side-phish..., --disable-component-extensi..., --disable-default-apps, --disable-features=TranslateUI, --disable-hang-monitor, --disable-ipc-flooding-prot..., --disable-popup-blocking, --disable-prompt-on-repost, --disable-renderer-backgrou..., --disable-sync, --force-color-profile=srgb, --metrics-recording-only, --no-first-run, --password-store=basic, --use-mock-keychain, --hide-scrollbars, --mute-audio, --window-size=1920,1080], excludeSwitches: [enable-automation, load-extension], extensions: [], prefs: {credentials_enable_service: false, download.default_directory: C:\Users\lebed\IdeaProjects..., plugins.always_open_pdf_externally: true, profile.default_content_setting_values.automatic_downloads: 1, profile.password_manager_enabled: false, profile.password_manager_leak_detection: false, safebrowsing.enabled: true}}, pageLoadStrategy: eager, unhandledPromptBehavior: accept}
02:42:49.368 [Test worker] INFO com.codeborne.selenide.webdriver.WebDriverFactory -- BrowserName=chrome Version=126.0.6478.63 Platform=windows
02:42:49.368 [Test worker] INFO com.codeborne.selenide.webdriver.WebDriverFactory -- Selenide v. 7.3.3
02:42:49.368 [Test worker] INFO com.codeborne.selenide.webdriver.WebDriverFactory -- Selenium WebDriver v. 4.22.0 build revision: c5f3146703*
02:42:49.368 [Test worker] INFO com.codeborne.selenide.drivercommands.CreateDriverCommand -- Created webdriver in thread 1: ChromeDriver -> ChromeDriver: chrome on windows (52a312253fba4ccb77f86bec837f6196), downloadsFolder: C:\Users\lebed\IdeaProjects\binance_selenium_test_project\build\downloads\1719790968377_22644_1
02:42:49.368 [Test worker] INFO com.codeborne.selenide.drivercommands.DisposablesRegistry -- Register WebDriverInstance[config=StaticConfig, webDriver=ChromeDriver: chrome on windows (52a312253fba4ccb77f86bec837f6196), proxy=null, downloadsFolder=C:\Users\lebed\IdeaProjects\binance_selenium_test_project\build\downloads\1719790968377_22644_1] in 1 [size=1]
02:43:01.928 [Test worker] INFO com.codeborne.selenide.impl.FileHelper -- Deleted empty folder: C:\Users\lebed\IdeaProjects\binance_selenium_test_project\build\downloads\1719790968377_22644_1
02:43:01.928 [Test worker] INFO com.codeborne.selenide.drivercommands.CloseDriverCommand -- Close webdriver: 1 -> ChromeDriver: chrome on windows (52a312253fba4ccb77f86bec837f6196)...
02:43:02.255 [Test worker] INFO com.codeborne.selenide.drivercommands.CloseDriverCommand -- Closed webdriver 1 in 327 ms
02:43:02.255 [Test worker] INFO com.codeborne.selenide.drivercommands.DisposablesRegistry -- Unregister WebDriverInstance[config=StaticConfig, webDriver=ChromeDriver: chrome on windows (null), proxy=null, downloadsFolder=C:\Users\lebed\IdeaProjects\binance_selenium_test_project\build\downloads\1719790968377_22644_1] in 1 [size=0]
]]></system-out>
  <system-err><![CDATA[]]></system-err>
</testsuite>
