<?xml version="1.0" encoding="UTF-8"?>
<testsuite name="Binance.BinanceTest" tests="5" skipped="0" failures="0" errors="0" timestamp="2024-07-05T16:33:46" hostname="DESKTOP-KKERF7V" time="149.77">
  <properties/>
  <testcase name="testCase_1()" classname="Binance.BinanceTest" time="33.173"/>
  <testcase name="testCase_2()" classname="Binance.BinanceTest" time="21.322"/>
  <testcase name="testCase_3()" classname="Binance.BinanceTest" time="46.345"/>
  <testcase name="testCase_4()" classname="Binance.BinanceTest" time="28.8"/>
  <testcase name="testCase_5()" classname="Binance.BinanceTest" time="19.795"/>
  <system-out><![CDATA[19:33:46.806 [Test worker] DEBUG io.github.bonigarcia.wdm.WebDriverManager -- Using WebDriverManager 5.6.4
19:33:48.014 [Test worker] DEBUG io.github.bonigarcia.wdm.cache.ResolutionCache -- Removing resolution chrome=126 from cache (expired on Fri Jul 05 19:30:15 MSK 2024)
19:33:48.137 [Test worker] DEBUG org.apache.hc.client5.http.impl.classic.InternalHttpClient -- ex-0000000001 preparing request execution
19:33:48.207 [Test worker] DEBUG org.apache.hc.client5.http.impl.classic.ProtocolExec -- ex-0000000001 target auth state: UNCHALLENGED
19:33:48.211 [Test worker] DEBUG org.apache.hc.client5.http.impl.classic.ProtocolExec -- ex-0000000001 proxy auth state: UNCHALLENGED
19:33:48.212 [Test worker] DEBUG org.apache.hc.client5.http.impl.classic.ConnectExec -- ex-0000000001 acquiring connection with route {s}->https://raw.githubusercontent.com:443
19:33:48.213 [Test worker] DEBUG org.apache.hc.client5.http.impl.classic.InternalHttpClient -- ex-0000000001 acquiring endpoint (3 MINUTES)
19:33:48.222 [Test worker] DEBUG org.apache.hc.client5.http.impl.io.PoolingHttpClientConnectionManager -- ex-0000000001 endpoint lease request (3 MINUTES) [route: {s}->https://raw.githubusercontent.com:443][total available: 0; route allocated: 0 of 5; total allocated: 0 of 25]
19:33:48.243 [Test worker] DEBUG org.apache.hc.client5.http.impl.io.PoolingHttpClientConnectionManager -- ex-0000000001 endpoint leased [route: {s}->https://raw.githubusercontent.com:443][total available: 0; route allocated: 1 of 5; total allocated: 1 of 25]
19:33:48.391 [Test worker] DEBUG org.apache.hc.client5.http.impl.io.PoolingHttpClientConnectionManager -- ex-0000000001 acquired ep-0000000001
19:33:48.391 [Test worker] DEBUG org.apache.hc.client5.http.impl.classic.InternalHttpClient -- ex-0000000001 acquired endpoint ep-0000000001
19:33:48.392 [Test worker] DEBUG org.apache.hc.client5.http.impl.classic.ConnectExec -- ex-0000000001 opening connection {s}->https://raw.githubusercontent.com:443
19:33:48.397 [Test worker] DEBUG org.apache.hc.client5.http.impl.classic.InternalHttpClient -- ep-0000000001 connecting endpoint (null)
19:33:48.415 [Test worker] DEBUG org.apache.hc.client5.http.impl.io.PoolingHttpClientConnectionManager -- ep-0000000001 connecting endpoint to https://raw.githubusercontent.com:443 (30 SECONDS)
19:33:48.415 [Test worker] DEBUG org.apache.hc.client5.http.impl.io.DefaultHttpClientConnectionOperator -- raw.githubusercontent.com resolving remote address
19:33:48.423 [Test worker] DEBUG org.apache.hc.client5.http.impl.io.DefaultHttpClientConnectionOperator -- raw.githubusercontent.com resolved to [raw.githubusercontent.com/185.199.109.133, raw.githubusercontent.com/185.199.110.133, raw.githubusercontent.com/185.199.111.133, raw.githubusercontent.com/185.199.108.133]
19:33:48.439 [Test worker] DEBUG org.apache.hc.client5.http.impl.io.DefaultHttpClientConnectionOperator -- raw.githubusercontent.com:443 connecting null->raw.githubusercontent.com/185.199.109.133:443 (30 SECONDS)
19:33:48.440 [Test worker] DEBUG org.apache.hc.client5.http.ssl.SSLConnectionSocketFactory -- Connecting socket to raw.githubusercontent.com/185.199.109.133:443 with timeout 30 SECONDS
19:33:48.685 [Test worker] DEBUG org.apache.hc.client5.http.ssl.SSLConnectionSocketFactory -- Enabled protocols: [TLSv1.3, TLSv1.2]
19:33:48.686 [Test worker] DEBUG org.apache.hc.client5.http.ssl.SSLConnectionSocketFactory -- Enabled cipher suites: [TLS_AES_256_GCM_SHA384, TLS_AES_128_GCM_SHA256, TLS_CHACHA20_POLY1305_SHA256, TLS_ECDHE_ECDSA_WITH_AES_256_GCM_SHA384, TLS_ECDHE_ECDSA_WITH_AES_128_GCM_SHA256, TLS_ECDHE_ECDSA_WITH_CHACHA20_POLY1305_SHA256, TLS_ECDHE_RSA_WITH_AES_256_GCM_SHA384, TLS_ECDHE_RSA_WITH_CHACHA20_POLY1305_SHA256, TLS_ECDHE_RSA_WITH_AES_128_GCM_SHA256, TLS_DHE_RSA_WITH_AES_256_GCM_SHA384, TLS_DHE_RSA_WITH_CHACHA20_POLY1305_SHA256, TLS_DHE_DSS_WITH_AES_256_GCM_SHA384, TLS_DHE_RSA_WITH_AES_128_GCM_SHA256, TLS_DHE_DSS_WITH_AES_128_GCM_SHA256, TLS_ECDHE_ECDSA_WITH_AES_256_CBC_SHA384, TLS_ECDHE_RSA_WITH_AES_256_CBC_SHA384, TLS_ECDHE_ECDSA_WITH_AES_128_CBC_SHA256, TLS_ECDHE_RSA_WITH_AES_128_CBC_SHA256, TLS_DHE_RSA_WITH_AES_256_CBC_SHA256, TLS_DHE_DSS_WITH_AES_256_CBC_SHA256, TLS_DHE_RSA_WITH_AES_128_CBC_SHA256, TLS_DHE_DSS_WITH_AES_128_CBC_SHA256, TLS_ECDH_ECDSA_WITH_AES_256_GCM_SHA384, TLS_ECDH_RSA_WITH_AES_256_GCM_SHA384, TLS_ECDH_ECDSA_WITH_AES_128_GCM_SHA256, TLS_ECDH_RSA_WITH_AES_128_GCM_SHA256, TLS_ECDH_ECDSA_WITH_AES_256_CBC_SHA384, TLS_ECDH_RSA_WITH_AES_256_CBC_SHA384, TLS_ECDH_ECDSA_WITH_AES_128_CBC_SHA256, TLS_ECDH_RSA_WITH_AES_128_CBC_SHA256, TLS_ECDHE_ECDSA_WITH_AES_256_CBC_SHA, TLS_ECDHE_RSA_WITH_AES_256_CBC_SHA, TLS_ECDHE_ECDSA_WITH_AES_128_CBC_SHA, TLS_ECDHE_RSA_WITH_AES_128_CBC_SHA, TLS_DHE_RSA_WITH_AES_256_CBC_SHA, TLS_DHE_DSS_WITH_AES_256_CBC_SHA, TLS_DHE_RSA_WITH_AES_128_CBC_SHA, TLS_DHE_DSS_WITH_AES_128_CBC_SHA, TLS_ECDH_ECDSA_WITH_AES_256_CBC_SHA, TLS_ECDH_RSA_WITH_AES_256_CBC_SHA, TLS_ECDH_ECDSA_WITH_AES_128_CBC_SHA, TLS_ECDH_RSA_WITH_AES_128_CBC_SHA, TLS_RSA_WITH_AES_256_GCM_SHA384, TLS_RSA_WITH_AES_128_GCM_SHA256, TLS_RSA_WITH_AES_256_CBC_SHA256, TLS_RSA_WITH_AES_128_CBC_SHA256, TLS_RSA_WITH_AES_256_CBC_SHA, TLS_RSA_WITH_AES_128_CBC_SHA, TLS_EMPTY_RENEGOTIATION_INFO_SCSV]
19:33:48.687 [Test worker] DEBUG org.apache.hc.client5.http.ssl.SSLConnectionSocketFactory -- Starting handshake (null)
19:33:49.041 [Test worker] DEBUG org.apache.hc.client5.http.ssl.SSLConnectionSocketFactory -- Secure session established
19:33:49.042 [Test worker] DEBUG org.apache.hc.client5.http.ssl.SSLConnectionSocketFactory --  negotiated protocol: TLSv1.3
19:33:49.042 [Test worker] DEBUG org.apache.hc.client5.http.ssl.SSLConnectionSocketFactory --  negotiated cipher suite: TLS_AES_128_GCM_SHA256
19:33:49.042 [Test worker] DEBUG org.apache.hc.client5.http.ssl.SSLConnectionSocketFactory --  peer principal: CN=*.github.io, O="GitHub, Inc.", L=San Francisco, ST=California, C=US
19:33:49.047 [Test worker] DEBUG org.apache.hc.client5.http.ssl.SSLConnectionSocketFactory --  peer alternative names: [*.github.io, github.io, githubusercontent.com, www.github.com, *.github.com, *.githubusercontent.com, github.com]
19:33:49.048 [Test worker] DEBUG org.apache.hc.client5.http.ssl.SSLConnectionSocketFactory --  issuer principal: CN=DigiCert Global G2 TLS RSA SHA256 2020 CA1, O=DigiCert Inc, C=US
19:33:49.051 [Test worker] DEBUG org.apache.hc.client5.http.impl.io.DefaultManagedHttpClientConnection -- http-outgoing-0 set socket timeout to 3 MINUTES
19:33:49.052 [Test worker] DEBUG org.apache.hc.client5.http.impl.io.DefaultHttpClientConnectionOperator -- raw.githubusercontent.com:443 connected null->raw.githubusercontent.com/185.199.109.133:443 as http-outgoing-0
19:33:49.052 [Test worker] DEBUG org.apache.hc.client5.http.impl.io.PoolingHttpClientConnectionManager -- ep-0000000001 connected http-outgoing-0
19:33:49.052 [Test worker] DEBUG org.apache.hc.client5.http.impl.classic.InternalHttpClient -- ep-0000000001 endpoint connected
19:33:49.057 [Test worker] DEBUG org.apache.hc.client5.http.impl.classic.MainClientExec -- ex-0000000001 executing GET /bonigarcia/webdrivermanager/master/src/main/resources/commands.properties HTTP/1.1
19:33:49.057 [Test worker] DEBUG org.apache.hc.client5.http.protocol.RequestAddCookies -- ex-0000000001 Cookie spec selected: strict
19:33:49.123 [Test worker] DEBUG org.apache.hc.client5.http.impl.classic.InternalHttpClient -- ep-0000000001 start execution ex-0000000001
19:33:49.123 [Test worker] DEBUG org.apache.hc.client5.http.impl.io.PoolingHttpClientConnectionManager -- ep-0000000001 executing exchange ex-0000000001 over http-outgoing-0
19:33:49.125 [Test worker] DEBUG org.apache.hc.client5.http.headers -- http-outgoing-0 >> GET /bonigarcia/webdrivermanager/master/src/main/resources/commands.properties HTTP/1.1
19:33:49.125 [Test worker] DEBUG org.apache.hc.client5.http.headers -- http-outgoing-0 >> user-agent: Apache-HttpClient/5.0
19:33:49.126 [Test worker] DEBUG org.apache.hc.client5.http.headers -- http-outgoing-0 >> accept-encoding: gzip, deflate, br
19:33:49.126 [Test worker] DEBUG org.apache.hc.client5.http.headers -- http-outgoing-0 >> cache-control: max-age=0
19:33:49.126 [Test worker] DEBUG org.apache.hc.client5.http.headers -- http-outgoing-0 >> connection: keep-alive
19:33:49.126 [Test worker] DEBUG org.apache.hc.client5.http.headers -- http-outgoing-0 >> Host: raw.githubusercontent.com
19:33:49.127 [Test worker] DEBUG org.apache.hc.client5.http.wire -- http-outgoing-0 >> "GET /bonigarcia/webdrivermanager/master/src/main/resources/commands.properties HTTP/1.1[\r][\n]"
19:33:49.127 [Test worker] DEBUG org.apache.hc.client5.http.wire -- http-outgoing-0 >> "user-agent: Apache-HttpClient/5.0[\r][\n]"
19:33:49.127 [Test worker] DEBUG org.apache.hc.client5.http.wire -- http-outgoing-0 >> "accept-encoding: gzip, deflate, br[\r][\n]"
19:33:49.127 [Test worker] DEBUG org.apache.hc.client5.http.wire -- http-outgoing-0 >> "cache-control: max-age=0[\r][\n]"
19:33:49.127 [Test worker] DEBUG org.apache.hc.client5.http.wire -- http-outgoing-0 >> "connection: keep-alive[\r][\n]"
19:33:49.128 [Test worker] DEBUG org.apache.hc.client5.http.wire -- http-outgoing-0 >> "Host: raw.githubusercontent.com[\r][\n]"
19:33:49.128 [Test worker] DEBUG org.apache.hc.client5.http.wire -- http-outgoing-0 >> "[\r][\n]"
19:33:49.188 [Test worker] DEBUG org.apache.hc.client5.http.wire -- http-outgoing-0 << "HTTP/1.1 200 OK[\r][\n]"
19:33:49.189 [Test worker] DEBUG org.apache.hc.client5.http.wire -- http-outgoing-0 << "Connection: keep-alive[\r][\n]"
19:33:49.189 [Test worker] DEBUG org.apache.hc.client5.http.wire -- http-outgoing-0 << "Content-Length: 745[\r][\n]"
19:33:49.190 [Test worker] DEBUG org.apache.hc.client5.http.wire -- http-outgoing-0 << "Cache-Control: max-age=300[\r][\n]"
19:33:49.190 [Test worker] DEBUG org.apache.hc.client5.http.wire -- http-outgoing-0 << "Content-Security-Policy: default-src 'none'; style-src 'unsafe-inline'; sandbox[\r][\n]"
19:33:49.190 [Test worker] DEBUG org.apache.hc.client5.http.wire -- http-outgoing-0 << "Content-Type: text/plain; charset=utf-8[\r][\n]"
19:33:49.190 [Test worker] DEBUG org.apache.hc.client5.http.wire -- http-outgoing-0 << "ETag: W/"dd41edff335272162022217759820159dac501cff56850e2510f504462cd9b5f"[\r][\n]"
19:33:49.191 [Test worker] DEBUG org.apache.hc.client5.http.wire -- http-outgoing-0 << "Strict-Transport-Security: max-age=31536000[\r][\n]"
19:33:49.191 [Test worker] DEBUG org.apache.hc.client5.http.wire -- http-outgoing-0 << "X-Content-Type-Options: nosniff[\r][\n]"
19:33:49.191 [Test worker] DEBUG org.apache.hc.client5.http.wire -- http-outgoing-0 << "X-Frame-Options: deny[\r][\n]"
19:33:49.192 [Test worker] DEBUG org.apache.hc.client5.http.wire -- http-outgoing-0 << "X-XSS-Protection: 1; mode=block[\r][\n]"
19:33:49.192 [Test worker] DEBUG org.apache.hc.client5.http.wire -- http-outgoing-0 << "X-GitHub-Request-Id: 1CB2:253C76:FE6F46:10CECEC:666C0D1C[\r][\n]"
19:33:49.192 [Test worker] DEBUG org.apache.hc.client5.http.wire -- http-outgoing-0 << "Content-Encoding: gzip[\r][\n]"
19:33:49.192 [Test worker] DEBUG org.apache.hc.client5.http.wire -- http-outgoing-0 << "Accept-Ranges: bytes[\r][\n]"
19:33:49.192 [Test worker] DEBUG org.apache.hc.client5.http.wire -- http-outgoing-0 << "Date: Fri, 05 Jul 2024 16:33:49 GMT[\r][\n]"
19:33:49.193 [Test worker] DEBUG org.apache.hc.client5.http.wire -- http-outgoing-0 << "Via: 1.1 varnish[\r][\n]"
19:33:49.193 [Test worker] DEBUG org.apache.hc.client5.http.wire -- http-outgoing-0 << "X-Served-By: cache-fra-eddf8230079-FRA[\r][\n]"
19:33:49.193 [Test worker] DEBUG org.apache.hc.client5.http.wire -- http-outgoing-0 << "X-Cache: HIT[\r][\n]"
19:33:49.194 [Test worker] DEBUG org.apache.hc.client5.http.wire -- http-outgoing-0 << "X-Cache-Hits: 1[\r][\n]"
19:33:49.194 [Test worker] DEBUG org.apache.hc.client5.http.wire -- http-outgoing-0 << "X-Timer: S1720197229.404957,VS0,VE1[\r][\n]"
19:33:49.194 [Test worker] DEBUG org.apache.hc.client5.http.wire -- http-outgoing-0 << "Vary: Authorization,Accept-Encoding,Origin[\r][\n]"
19:33:49.194 [Test worker] DEBUG org.apache.hc.client5.http.wire -- http-outgoing-0 << "Access-Control-Allow-Origin: *[\r][\n]"
19:33:49.195 [Test worker] DEBUG org.apache.hc.client5.http.wire -- http-outgoing-0 << "Cross-Origin-Resource-Policy: cross-origin[\r][\n]"
19:33:49.195 [Test worker] DEBUG org.apache.hc.client5.http.wire -- http-outgoing-0 << "X-Fastly-Request-ID: 1a6d191d136cb619d3b4288fe4cdd506588fe6fb[\r][\n]"
19:33:49.195 [Test worker] DEBUG org.apache.hc.client5.http.wire -- http-outgoing-0 << "Expires: Fri, 05 Jul 2024 16:38:49 GMT[\r][\n]"
19:33:49.195 [Test worker] DEBUG org.apache.hc.client5.http.wire -- http-outgoing-0 << "Source-Age: 113[\r][\n]"
19:33:49.195 [Test worker] DEBUG org.apache.hc.client5.http.wire -- http-outgoing-0 << "[\r][\n]"
19:33:49.216 [Test worker] DEBUG org.apache.hc.client5.http.headers -- http-outgoing-0 << HTTP/1.1 200 OK
19:33:49.217 [Test worker] DEBUG org.apache.hc.client5.http.headers -- http-outgoing-0 << Connection: keep-alive
19:33:49.217 [Test worker] DEBUG org.apache.hc.client5.http.headers -- http-outgoing-0 << Content-Length: 745
19:33:49.217 [Test worker] DEBUG org.apache.hc.client5.http.headers -- http-outgoing-0 << Cache-Control: max-age=300
19:33:49.217 [Test worker] DEBUG org.apache.hc.client5.http.headers -- http-outgoing-0 << Content-Security-Policy: default-src 'none'; style-src 'unsafe-inline'; sandbox
19:33:49.217 [Test worker] DEBUG org.apache.hc.client5.http.headers -- http-outgoing-0 << Content-Type: text/plain; charset=utf-8
19:33:49.218 [Test worker] DEBUG org.apache.hc.client5.http.headers -- http-outgoing-0 << ETag: W/"dd41edff335272162022217759820159dac501cff56850e2510f504462cd9b5f"
19:33:49.218 [Test worker] DEBUG org.apache.hc.client5.http.headers -- http-outgoing-0 << Strict-Transport-Security: max-age=31536000
19:33:49.218 [Test worker] DEBUG org.apache.hc.client5.http.headers -- http-outgoing-0 << X-Content-Type-Options: nosniff
19:33:49.218 [Test worker] DEBUG org.apache.hc.client5.http.headers -- http-outgoing-0 << X-Frame-Options: deny
19:33:49.218 [Test worker] DEBUG org.apache.hc.client5.http.headers -- http-outgoing-0 << X-XSS-Protection: 1; mode=block
19:33:49.218 [Test worker] DEBUG org.apache.hc.client5.http.headers -- http-outgoing-0 << X-GitHub-Request-Id: 1CB2:253C76:FE6F46:10CECEC:666C0D1C
19:33:49.219 [Test worker] DEBUG org.apache.hc.client5.http.headers -- http-outgoing-0 << Content-Encoding: gzip
19:33:49.219 [Test worker] DEBUG org.apache.hc.client5.http.headers -- http-outgoing-0 << Accept-Ranges: bytes
19:33:49.219 [Test worker] DEBUG org.apache.hc.client5.http.headers -- http-outgoing-0 << Date: Fri, 05 Jul 2024 16:33:49 GMT
19:33:49.219 [Test worker] DEBUG org.apache.hc.client5.http.headers -- http-outgoing-0 << Via: 1.1 varnish
19:33:49.220 [Test worker] DEBUG org.apache.hc.client5.http.headers -- http-outgoing-0 << X-Served-By: cache-fra-eddf8230079-FRA
19:33:49.220 [Test worker] DEBUG org.apache.hc.client5.http.headers -- http-outgoing-0 << X-Cache: HIT
19:33:49.220 [Test worker] DEBUG org.apache.hc.client5.http.headers -- http-outgoing-0 << X-Cache-Hits: 1
19:33:49.220 [Test worker] DEBUG org.apache.hc.client5.http.headers -- http-outgoing-0 << X-Timer: S1720197229.404957,VS0,VE1
19:33:49.220 [Test worker] DEBUG org.apache.hc.client5.http.headers -- http-outgoing-0 << Vary: Authorization,Accept-Encoding,Origin
19:33:49.220 [Test worker] DEBUG org.apache.hc.client5.http.headers -- http-outgoing-0 << Access-Control-Allow-Origin: *
19:33:49.220 [Test worker] DEBUG org.apache.hc.client5.http.headers -- http-outgoing-0 << Cross-Origin-Resource-Policy: cross-origin
19:33:49.221 [Test worker] DEBUG org.apache.hc.client5.http.headers -- http-outgoing-0 << X-Fastly-Request-ID: 1a6d191d136cb619d3b4288fe4cdd506588fe6fb
19:33:49.221 [Test worker] DEBUG org.apache.hc.client5.http.headers -- http-outgoing-0 << Expires: Fri, 05 Jul 2024 16:38:49 GMT
19:33:49.221 [Test worker] DEBUG org.apache.hc.client5.http.headers -- http-outgoing-0 << Source-Age: 113
19:33:49.247 [Test worker] DEBUG org.apache.hc.client5.http.impl.classic.MainClientExec -- ex-0000000001 connection can be kept alive for 3 MINUTES
19:33:49.429 [Test worker] DEBUG org.apache.hc.client5.http.wire -- http-outgoing-0 << "[0x1f][0xffffff8b][0x8][0x0][0x0][0x0][0x0][0x0][0x0][0x3][0xffffffb5]W]o[0xffffffda]0[0x14]}[0xffffffe7]W\QUj% [0x1b][0xffffffad][0xffffffa6]i[0x12][0xf]4c[0xffffffdd]4*[0x18][0xffffffb4][0xffffffdd]&[0xfffffff9][0xffffffc5]$N[0xffffffb0][0xffffff94][0xffffffd8][0xffffffc8]NJ[0xffffffb7]_?[0xffffffdb][0xfffffff9]X[0xffffff92]:[0xffffffa3]k[0xffffffe8][0x1b][0xffffffb6][0xffffffef]=[0xffffffe7][0xffffffd8][0xfffffff7][0xffffffe4][0xffffffda][0xffffff9c][0xffffff80][0xffffffcb][0xffffffe3][0x18]3_[0xffffff82][0xffffff8f][0x13][0xffffffbc][0xffffffc1][0xffffff92][0xfffffff4]N[0xffffffe0]vK%[0x4]4"[0xffffffe0]q[0xffffff96]`[0xffffffca]$$[=[0xffffffc8]C[0x13][0xe][0x1b][0x2][0xffffffe4][0xffffff91]xiB|[0xffffffa0][0xffffffcc],[0xffffffcb]-[0xffffff89]"=[0xffffffe0][0xffffffc2]'B[0x7][0xfffffff9]$!^b[0x16][0x1f][0xffffff88][0xffffff90][0xffffff94][0xffffffab][0xffffffb5][0x0][0xffffff88][0xfffffffa][0x1d][\n]"
19:33:49.432 [Test worker] DEBUG org.apache.hc.client5.http.wire -- http-outgoing-0 << "B[0x18]l[0x4][0xffffffdf]K[0xffffffb5][0xffffffa0]([0xffffffcf][0xffffffdc][0xffffffad][0xffffffe0]1[0x19][0xffffffc0]'*H[0xffffffc0][0x1f][0x7][0xffffffb0][0xffffffd8][0x11][0xffffff81][0x7]0[0xfffffff3]C5kVi[0x1a][0xffffff9f]k|[0xffffff9f][0x6][0x1][0x11][0xffffff84]%[0xffffffc0]uLBY[0x8][0xfffffff2][0xffffff97]LH,[0xffffffe1][0xffffffec];e[0xffffffbe]B[0x1d][0xffffffc0][0xffffff9c][0xffffffb2]T[0xffffffc1][0xffffffdc]`[0xf][0x16][0xffffffeb][0xfffffff3][0xffffff9e][0xffffffe2][0xffffffc8](z[0xfffffff9]6F[0xffffff9e][0x19][0xffffff8e][0xfffffff6]Y[0xffffffc2][0xffffffe8][0xffffffcd][0xffffffdb][0xffffff89][0x17][0xfffffffb]#[0xffffffb5]+p\[0xffffffd8][0xffffffc7][0xffffffd4]3Gb[0xffffff8e]a[0xffffffbf]U|[0xffffffc0]pL&[0xfffffffd][0xffffffd3][0xffffffe5]jq[0xffffffbd][0xffffff9a][0xffffffde]|[0xfffffffa]2[0xffffff9f][0xffffffad]?[0xffffffa0][0x9]B[0xffffffa7][0x8]]s[0x1e]F[0x4][0xffffffa1][0xffffff8c][0x2][0xffffffa1][0xffffffe9]n[0x17]QOI[0xffffffe3][0xc][0xffffffa1][0xffffff9c]H![0xfffffff7]!$[0x9][0xffffffdc][0xffffffe7]g[0xffffffe1]<[0xffffffe0](m[0xffffffd7]3~[0xffffff81][0xffffff9e][0xffffffb3][0x1f][0xffffffef][0xffffffdf][0xffffff9d][0xffffffbf][0xffffffa6][0xffffffa8][0xffffff8b]g[0xffffff8a][0xffffff9a]/[0xffffffdc][0xffffffe9]|[0xffffffba]\~[0xffffff9c][0xffffffde]N_S[0xffffffcf][0xffffffe5]d5[0xffffffbb][0xffffff86]ow[0xffffffb3][0xffffffd5]O[0xfffffff8][0xfffffffc][0xffffffd5][0xffffffbd]Ck[0x1e]${,H[0xffffffc1][0xffffff96][0xffffff93]][0xffffffcd][0xffffffaf][0x8][0xfffffff6][0xc]^[0xffffffe1][0xffffffc5]^[0x13]4[0xffffffd2][0xffffff8e][0xffffffd1]>pR)[0xffffff9c][\r]eNh0[0xffffff86][0xffffffd9]:[0xc][0xffffff87]E[0xffffffa6]=q<i[0xffffff8b]o&[0xffffffc4][0xffffffd8]3<[0xffffff95][0x13][0xffffff90]N&8w[0xffffffe9][0x8][0xffffffef]v[0xffffff8e][0xffffffab][0xffffffbe]>es[0xffffffe9]([0x13]/[0xffffffd6][0xfffffff5][0xffffff80]*[0xffffffba][0xfffffff2]v[0xfffffffe][0xffffffd9][0xffffff94]DA6>[0xffffff8e][0xffffffbb]o[0xfffffff8]o[0x1a]E[0xffffffb8] A[0xffffffa8]@?T[0xffffffad]'*:{[0xfffffffa]xR.*[0xffffffce][0xffffffe9][0xffffffd7][0xffffffad][0xffffff93][0xffffff93]4[0xffffffc9][0xfffffffa][0xffffffda]<n*t[0xffffffeb][0xffffffb9]oV[0xffffffb6][0xffffffc0]/M[0xffffff94]O[0xffffffc0][0xfffffff0][0xffffffe1]i[0xffffff90][0xffffffb5][0xfffffffe]9[0xffffff8b][0xffffffad][0xfffffff2]U,Ul[0xffffffdd][0x13]KL[0xffffffa2][0x6][0xffffffdd][0xffffffca]\?`[0xffffffea][0x9].[0xffffffd5]I [0xffffffa4]i[0x1a]_i,[\r][0xffffffdd][0xffffffa1][0xffffffc3][0xffffffae]kzI[0xffffffd1]_Q[0xffffffce]Ek[0xffffffcb][0xfffffff8]Kf[0xffffffb8][0xfffffffe][0xffffffd9]3[0xc][0xffffffe6][0xffffffd3][0xffffff8e][0x11][0x17][0x10]C[0x1d]`i[0x19][0xffffffd5][0xffffffbc][0xfffffff1][0xffffffa4]5[0xffffffbc][0x1e]o[0xfffffff5]K[0xffffffa9][0xffffffd6][0xfffffff8][0xffffffc1]f[0xffffff9b]z[0x4][0xffffffd4][0x1a][0xffffff86][0xffffffb9]^K[0x16]s[0xffffff91][0xfffffffe][0xffffffbf][0xffffff8b]l]~)x(p,[0x11]2[0x14][0x8]E8e[0xffffff9e][0xffffffca]:X[0xffffffa6][0xffffff86][0xffffff88].[0xffffffb6]9[0xffffff9a][0xffffff88].[0xfffffff7]]G[0xffffffea][0xffffffcb][0xe][0xfffffffb][0x7f].u[0xffffff83][0xffffffbb][0xfffffff4][0xffffffb3][0x19][0xffffffda][0xffffffec][0xffffff98][0xffffffc5]Y[0xfffffffd]h8m6\4[0xffffffc1][0xffffff8a][0xffffffb7][0xffffff98]z[0xffffffd0][0xffffffd5]oF5q[0x1c][0x13][0x16][0xfffffff0][0x1d][0x1e][0x19]5-[0xffffff9d][0xffffffef][0xffffffad]c[0xb]z[0xffffffae]/m[0xffffffe6]8[0xffffffb6][0xffffff96][0xfffffff6]7X[0xffffffc9]t[0xfffffff8][0xfffffff9][0xffffffa5][0x11]K[0xfffffffb][0x15]3[0xffffffc3][0xfffffffc][0x1f]B[0xffffffdb][0xffffffd3][0xffffffab][0xffffff92]4.[0xffffff93]Z[0xffffffdf]]:[0xffffffda][0xffffffea][0xffffffdc]B[0xffffffa6][0xffffffcd][0xffffffbc][0xffffffae][0x5][0xfffffff5][0x4][0xffffffd6]8[0xffffffc0][0xffffff82][0xffffff96][0xfffffff0][0xffffffd2][0xc][0xffffffed][0xffffffe0]Y[0xffffffa8][\r]:[[0xffffffa9][0x0][0xffffffff][0x1][0xfffffff8][0x15][0xffffffb4][0xffffffee][0xffffff8e][\r][0x0][0x0]"
19:33:49.437 [Test worker] DEBUG org.apache.hc.client5.http.impl.classic.InternalHttpClient -- ep-0000000001 releasing valid endpoint
19:33:49.438 [Test worker] DEBUG org.apache.hc.client5.http.impl.io.PoolingHttpClientConnectionManager -- ep-0000000001 releasing endpoint
19:33:49.438 [Test worker] DEBUG org.apache.hc.client5.http.impl.io.PoolingHttpClientConnectionManager -- ep-0000000001 connection http-outgoing-0 can be kept alive for 3 MINUTES
19:33:49.440 [Test worker] DEBUG org.apache.hc.client5.http.impl.io.PoolingHttpClientConnectionManager -- ep-0000000001 connection released [route: {s}->https://raw.githubusercontent.com:443][total available: 1; route allocated: 1 of 5; total allocated: 1 of 25]
19:33:49.441 [Test worker] DEBUG io.github.bonigarcia.wdm.versions.VersionDetector -- Detecting chrome version using online commands.properties
19:33:49.449 [Test worker] DEBUG io.github.bonigarcia.wdm.versions.Shell -- Running command on the shell: [cmd.exe, /C, wmic, datafile, where, name="%PROGRAMFILES:\=\\%\\Google\\Chrome\\Application\\chrome.exe", get, Version, /value]
19:33:50.055 [Test worker] DEBUG io.github.bonigarcia.wdm.versions.Shell -- Result: 
19:33:50.057 [Test worker] DEBUG io.github.bonigarcia.wdm.versions.Shell -- Running command on the shell: [cmd.exe, /C, wmic, datafile, where, name="%PROGRAMFILES(X86):\=\\%\\Google\\Chrome\\Application\\chrome.exe", get, Version, /value]
19:33:50.389 [Test worker] DEBUG io.github.bonigarcia.wdm.versions.Shell -- Result: Version=126.0.6478.127
19:33:50.392 [Test worker] DEBUG io.github.bonigarcia.wdm.cache.ResolutionCache -- Resolution chrome126=126.0.6478.126 in cache (valid until 03:47:21 06/07/2024 MSK)
19:33:50.392 [Test worker] INFO io.github.bonigarcia.wdm.WebDriverManager -- Using chromedriver 126.0.6478.126 (resolved driver for Chrome 126)
19:33:50.396 [Test worker] DEBUG io.github.bonigarcia.wdm.cache.ResolutionCache -- Storing resolution chrome=126 in cache (valid until 20:33:50 05/07/2024 MSK)
19:33:50.541 [Test worker] DEBUG io.github.bonigarcia.wdm.WebDriverManager -- Driver chromedriver 126.0.6478.126 found in cache
19:33:50.544 [Test worker] INFO io.github.bonigarcia.wdm.WebDriverManager -- Exporting webdriver.chrome.driver as C:\Users\lebed\.cache\selenium\chromedriver\win64\126.0.6478.126\chromedriver.exe
19:33:50.575 [Test worker] DEBUG com.codeborne.selenide.impl.CiReportUrl -- Variable selenide.reportsUrl not found
19:33:50.771 [Test worker] DEBUG com.codeborne.selenide.impl.Plugins -- Using default implementation of com.codeborne.selenide.impl.Photographer: com.codeborne.selenide.impl.WebdriverPhotographer
19:33:50.782 [Test worker] DEBUG com.codeborne.selenide.impl.Plugins -- Using default implementation of com.codeborne.selenide.impl.PageSourceExtractor: com.codeborne.selenide.impl.WebPageSourceExtractor
19:33:50.810 [Test worker] DEBUG com.codeborne.selenide.impl.Plugins -- Using default implementation of com.codeborne.selenide.impl.PageObjectFactory: com.codeborne.selenide.impl.SelenidePageFactory
19:33:50.856 [Test worker] DEBUG com.codeborne.selenide.impl.Plugins -- Using default implementation of com.codeborne.selenide.impl.WebElementSelector: com.codeborne.selenide.impl.WebElementSelector
19:33:50.860 [Test worker] DEBUG com.codeborne.selenide.impl.Plugins -- Using default implementation of com.codeborne.selenide.impl.ElementDescriber: com.codeborne.selenide.impl.SelenideElementDescriber
19:33:50.925 [Test worker] INFO com.codeborne.selenide.impl.WebDriverThreadLocalContainer -- No webdriver is bound to current thread: 1 - let's create a new webdriver
19:33:50.953 [Test worker] DEBUG com.codeborne.selenide.drivercommands.CreateDriverCommand -- Creating webdriver in thread 1 (ip: 192.168.1.71, host: DESKTOP-KKERF7V)...
19:33:50.955 [Test worker] INFO com.codeborne.selenide.impl.FileHelper -- Creating folder: C:\Users\lebed\IdeaProjects\binance_selenium_test_project\build\downloads\1720197230954_27152_1
19:33:50.958 [Test worker] DEBUG com.codeborne.selenide.webdriver.WebDriverFactory -- browser=chrome
19:33:50.958 [Test worker] DEBUG com.codeborne.selenide.webdriver.WebDriverFactory -- browser.version=null
19:33:50.958 [Test worker] DEBUG com.codeborne.selenide.webdriver.WebDriverFactory -- remote=null
19:33:50.958 [Test worker] DEBUG com.codeborne.selenide.webdriver.WebDriverFactory -- browserSize=1920x1080
19:33:50.959 [Test worker] DEBUG com.codeborne.selenide.webdriver.WebDriverFactory -- downloadsFolder=C:\Users\lebed\IdeaProjects\binance_selenium_test_project\build\downloads\1720197230954_27152_1
19:33:50.986 [Test worker] DEBUG com.codeborne.selenide.webdriver.AbstractChromiumDriverFactory -- Using chromium preferences: {credentials_enable_service=false, safebrowsing.enabled=true, plugins.always_open_pdf_externally=true, profile.default_content_setting_values.automatic_downloads=1, profile.password_manager_enabled=false, profile.password_manager_leak_detection=false, download.default_directory=C:\Users\lebed\IdeaProjects\binance_selenium_test_project\build\downloads\1720197230954_27152_1}
19:33:50.987 [Test worker] DEBUG com.codeborne.selenide.webdriver.ChromeDriverFactory -- Chrome options: Capabilities {acceptInsecureCerts: true, browserName: chrome, goog:chromeOptions: {args: [--proxy-bypass-list=<-loopb..., --disable-dev-shm-usage, --remote-allow-origins=*, --window-size=1920,1080], excludeSwitches: [enable-automation, load-extension], extensions: [], prefs: {credentials_enable_service: false, download.default_directory: C:\Users\lebed\IdeaProjects..., plugins.always_open_pdf_externally: true, profile.default_content_setting_values.automatic_downloads: 1, profile.password_manager_enabled: false, profile.password_manager_leak_detection: false, safebrowsing.enabled: true}}, pageLoadStrategy: eager, unhandledPromptBehavior: accept}
19:33:52.793 [Test worker] INFO com.codeborne.selenide.webdriver.WebDriverFactory -- BrowserName=chrome Version=126.0.6478.127 Platform=windows
19:33:52.793 [Test worker] INFO com.codeborne.selenide.webdriver.WebDriverFactory -- Selenide v. 7.3.3
19:33:52.793 [Test worker] INFO com.codeborne.selenide.webdriver.WebDriverFactory -- Selenium WebDriver v. 4.22.0 build revision: c5f3146703*
19:33:52.793 [Test worker] INFO com.codeborne.selenide.drivercommands.CreateDriverCommand -- Created webdriver in thread 1: ChromeDriver -> ChromeDriver: chrome on windows (7110c33225fb4abf3cf3476f8e26ec3f), downloadsFolder: C:\Users\lebed\IdeaProjects\binance_selenium_test_project\build\downloads\1720197230954_27152_1
19:33:52.799 [Test worker] INFO com.codeborne.selenide.drivercommands.DisposablesRegistry -- Register WebDriverInstance[config=StaticConfig, webDriver=ChromeDriver: chrome on windows (7110c33225fb4abf3cf3476f8e26ec3f), proxy=null, downloadsFolder=C:\Users\lebed\IdeaProjects\binance_selenium_test_project\build\downloads\1720197230954_27152_1] in 1 [size=1]
19:33:52.817 [Test worker] INFO com.codeborne.selenide.drivercommands.DisposablesRegistry -- Add shutdown hook in 1 [size=1]
19:34:01.171 [Test worker] DEBUG com.codeborne.selenide.impl.Plugins -- Using default implementation of com.codeborne.selenide.commands.Clear: com.codeborne.selenide.commands.Clear
19:34:01.566 [Test worker] DEBUG com.codeborne.selenide.impl.Plugins -- Using default implementation of com.codeborne.selenide.impl.DownloadFileToFolder: com.codeborne.selenide.impl.DownloadFileToFolder
19:34:01.573 [Test worker] DEBUG com.codeborne.selenide.impl.Plugins -- Using default implementation of com.codeborne.selenide.impl.DownloadFileWithCdp: com.codeborne.selenide.impl.DownloadFileWithCdp
19:34:01.626 [Test worker] DEBUG com.codeborne.selenide.impl.Plugins -- Using default implementation of com.codeborne.selenide.commands.Commands: com.codeborne.selenide.commands.Commands
19:34:03.848 [Test worker] DEBUG com.codeborne.selenide.impl.Plugins -- Using default implementation of com.codeborne.selenide.impl.ElementCommunicator: com.codeborne.selenide.impl.WebElementCommunicator
19:34:10.557 [Test worker] DEBUG com.codeborne.selenide.impl.Plugins -- Using default implementation of com.codeborne.selenide.ex.ErrorFormatter: com.codeborne.selenide.ex.SelenideErrorFormatter
19:34:19.460 [Test worker] INFO com.codeborne.selenide.impl.FileHelper -- Deleted empty folder: C:\Users\lebed\IdeaProjects\binance_selenium_test_project\build\downloads\1720197230954_27152_1
19:34:19.461 [Test worker] INFO com.codeborne.selenide.drivercommands.CloseDriverCommand -- Close webdriver: 1 -> ChromeDriver: chrome on windows (7110c33225fb4abf3cf3476f8e26ec3f)...
19:34:19.765 [Test worker] INFO com.codeborne.selenide.drivercommands.CloseDriverCommand -- Closed webdriver 1 in 304 ms
19:34:19.776 [Test worker] INFO com.codeborne.selenide.drivercommands.DisposablesRegistry -- Unregister WebDriverInstance[config=StaticConfig, webDriver=ChromeDriver: chrome on windows (null), proxy=null, downloadsFolder=C:\Users\lebed\IdeaProjects\binance_selenium_test_project\build\downloads\1720197230954_27152_1] in 1 [size=0]
19:34:20.091 [Test worker] DEBUG io.github.bonigarcia.wdm.WebDriverManager -- Using WebDriverManager 5.6.4
19:34:20.109 [Test worker] DEBUG io.github.bonigarcia.wdm.cache.ResolutionCache -- Resolution chrome=126 in cache (valid until 20:33:50 05/07/2024 MSK)
19:34:20.111 [Test worker] DEBUG io.github.bonigarcia.wdm.cache.ResolutionCache -- Resolution chrome126=126.0.6478.126 in cache (valid until 03:47:21 06/07/2024 MSK)
19:34:20.111 [Test worker] INFO io.github.bonigarcia.wdm.WebDriverManager -- Using chromedriver 126.0.6478.126 (resolved driver for Chrome 126)
19:34:20.131 [Test worker] DEBUG io.github.bonigarcia.wdm.WebDriverManager -- Driver chromedriver 126.0.6478.126 found in cache
19:34:20.132 [Test worker] INFO io.github.bonigarcia.wdm.WebDriverManager -- Exporting webdriver.chrome.driver as C:\Users\lebed\.cache\selenium\chromedriver\win64\126.0.6478.126\chromedriver.exe
19:34:20.133 [Test worker] INFO com.codeborne.selenide.impl.WebDriverThreadLocalContainer -- No webdriver is bound to current thread: 1 - let's create a new webdriver
19:34:20.134 [Test worker] DEBUG com.codeborne.selenide.drivercommands.CreateDriverCommand -- Creating webdriver in thread 1 (ip: 192.168.1.71, host: DESKTOP-KKERF7V)...
19:34:20.135 [Test worker] INFO com.codeborne.selenide.impl.FileHelper -- Creating folder: C:\Users\lebed\IdeaProjects\binance_selenium_test_project\build\downloads\1720197260134_27152_1
19:34:20.136 [Test worker] DEBUG com.codeborne.selenide.webdriver.WebDriverFactory -- browser=chrome
19:34:20.136 [Test worker] DEBUG com.codeborne.selenide.webdriver.WebDriverFactory -- browser.version=null
19:34:20.136 [Test worker] DEBUG com.codeborne.selenide.webdriver.WebDriverFactory -- remote=null
19:34:20.136 [Test worker] DEBUG com.codeborne.selenide.webdriver.WebDriverFactory -- browserSize=1920x1080
19:34:20.136 [Test worker] DEBUG com.codeborne.selenide.webdriver.WebDriverFactory -- downloadsFolder=C:\Users\lebed\IdeaProjects\binance_selenium_test_project\build\downloads\1720197260134_27152_1
19:34:20.137 [Test worker] DEBUG com.codeborne.selenide.webdriver.AbstractChromiumDriverFactory -- Using chromium preferences: {credentials_enable_service=false, safebrowsing.enabled=true, plugins.always_open_pdf_externally=true, profile.default_content_setting_values.automatic_downloads=1, profile.password_manager_enabled=false, profile.password_manager_leak_detection=false, download.default_directory=C:\Users\lebed\IdeaProjects\binance_selenium_test_project\build\downloads\1720197260134_27152_1}
19:34:20.137 [Test worker] DEBUG com.codeborne.selenide.webdriver.ChromeDriverFactory -- Chrome options: Capabilities {acceptInsecureCerts: true, browserName: chrome, goog:chromeOptions: {args: [--proxy-bypass-list=<-loopb..., --disable-dev-shm-usage, --remote-allow-origins=*, --window-size=1920,1080], excludeSwitches: [enable-automation, load-extension], extensions: [], prefs: {credentials_enable_service: false, download.default_directory: C:\Users\lebed\IdeaProjects..., plugins.always_open_pdf_externally: true, profile.default_content_setting_values.automatic_downloads: 1, profile.password_manager_enabled: false, profile.password_manager_leak_detection: false, safebrowsing.enabled: true}}, pageLoadStrategy: eager, unhandledPromptBehavior: accept}
19:34:22.246 [Test worker] INFO com.codeborne.selenide.webdriver.WebDriverFactory -- BrowserName=chrome Version=126.0.6478.127 Platform=windows
19:34:22.246 [Test worker] INFO com.codeborne.selenide.webdriver.WebDriverFactory -- Selenide v. 7.3.3
19:34:22.246 [Test worker] INFO com.codeborne.selenide.webdriver.WebDriverFactory -- Selenium WebDriver v. 4.22.0 build revision: c5f3146703*
19:34:22.247 [Test worker] INFO com.codeborne.selenide.drivercommands.CreateDriverCommand -- Created webdriver in thread 1: ChromeDriver -> ChromeDriver: chrome on windows (481a048a230d457fe896fd62c71da9fb), downloadsFolder: C:\Users\lebed\IdeaProjects\binance_selenium_test_project\build\downloads\1720197260134_27152_1
19:34:22.247 [Test worker] INFO com.codeborne.selenide.drivercommands.DisposablesRegistry -- Register WebDriverInstance[config=StaticConfig, webDriver=ChromeDriver: chrome on windows (481a048a230d457fe896fd62c71da9fb), proxy=null, downloadsFolder=C:\Users\lebed\IdeaProjects\binance_selenium_test_project\build\downloads\1720197260134_27152_1] in 1 [size=1]
BB $0.3234
ZK $0.1524
LISTA $0.5058
NOT $0.01048
TAO $228.80
ZRO $3.71
IO $2.10
REZ $0.0563
OMNI $11.23
SAGA $0.9153
19:34:41.005 [Test worker] INFO com.codeborne.selenide.impl.FileHelper -- Deleted empty folder: C:\Users\lebed\IdeaProjects\binance_selenium_test_project\build\downloads\1720197260134_27152_1
19:34:41.006 [Test worker] INFO com.codeborne.selenide.drivercommands.CloseDriverCommand -- Close webdriver: 1 -> ChromeDriver: chrome on windows (481a048a230d457fe896fd62c71da9fb)...
19:34:41.407 [Test worker] INFO com.codeborne.selenide.drivercommands.CloseDriverCommand -- Closed webdriver 1 in 401 ms
19:34:41.407 [Test worker] INFO com.codeborne.selenide.drivercommands.DisposablesRegistry -- Unregister WebDriverInstance[config=StaticConfig, webDriver=ChromeDriver: chrome on windows (null), proxy=null, downloadsFolder=C:\Users\lebed\IdeaProjects\binance_selenium_test_project\build\downloads\1720197260134_27152_1] in 1 [size=0]
19:34:41.429 [Test worker] DEBUG io.github.bonigarcia.wdm.WebDriverManager -- Using WebDriverManager 5.6.4
19:34:41.458 [Test worker] DEBUG io.github.bonigarcia.wdm.cache.ResolutionCache -- Resolution chrome=126 in cache (valid until 20:33:50 05/07/2024 MSK)
19:34:41.459 [Test worker] DEBUG io.github.bonigarcia.wdm.cache.ResolutionCache -- Resolution chrome126=126.0.6478.126 in cache (valid until 03:47:21 06/07/2024 MSK)
19:34:41.460 [Test worker] INFO io.github.bonigarcia.wdm.WebDriverManager -- Using chromedriver 126.0.6478.126 (resolved driver for Chrome 126)
19:34:41.490 [Test worker] DEBUG io.github.bonigarcia.wdm.WebDriverManager -- Driver chromedriver 126.0.6478.126 found in cache
19:34:41.492 [Test worker] INFO io.github.bonigarcia.wdm.WebDriverManager -- Exporting webdriver.chrome.driver as C:\Users\lebed\.cache\selenium\chromedriver\win64\126.0.6478.126\chromedriver.exe
19:34:41.493 [Test worker] INFO com.codeborne.selenide.impl.WebDriverThreadLocalContainer -- No webdriver is bound to current thread: 1 - let's create a new webdriver
19:34:41.494 [Test worker] DEBUG com.codeborne.selenide.drivercommands.CreateDriverCommand -- Creating webdriver in thread 1 (ip: 192.168.1.71, host: DESKTOP-KKERF7V)...
19:34:41.495 [Test worker] INFO com.codeborne.selenide.impl.FileHelper -- Creating folder: C:\Users\lebed\IdeaProjects\binance_selenium_test_project\build\downloads\1720197281494_27152_1
19:34:41.495 [Test worker] DEBUG com.codeborne.selenide.webdriver.WebDriverFactory -- browser=chrome
19:34:41.496 [Test worker] DEBUG com.codeborne.selenide.webdriver.WebDriverFactory -- browser.version=null
19:34:41.496 [Test worker] DEBUG com.codeborne.selenide.webdriver.WebDriverFactory -- remote=null
19:34:41.496 [Test worker] DEBUG com.codeborne.selenide.webdriver.WebDriverFactory -- browserSize=1920x1080
19:34:41.496 [Test worker] DEBUG com.codeborne.selenide.webdriver.WebDriverFactory -- downloadsFolder=C:\Users\lebed\IdeaProjects\binance_selenium_test_project\build\downloads\1720197281494_27152_1
19:34:41.497 [Test worker] DEBUG com.codeborne.selenide.webdriver.AbstractChromiumDriverFactory -- Using chromium preferences: {credentials_enable_service=false, safebrowsing.enabled=true, plugins.always_open_pdf_externally=true, profile.default_content_setting_values.automatic_downloads=1, profile.password_manager_enabled=false, profile.password_manager_leak_detection=false, download.default_directory=C:\Users\lebed\IdeaProjects\binance_selenium_test_project\build\downloads\1720197281494_27152_1}
19:34:41.498 [Test worker] DEBUG com.codeborne.selenide.webdriver.ChromeDriverFactory -- Chrome options: Capabilities {acceptInsecureCerts: true, browserName: chrome, goog:chromeOptions: {args: [--proxy-bypass-list=<-loopb..., --disable-dev-shm-usage, --remote-allow-origins=*, --window-size=1920,1080], excludeSwitches: [enable-automation, load-extension], extensions: [], prefs: {credentials_enable_service: false, download.default_directory: C:\Users\lebed\IdeaProjects..., plugins.always_open_pdf_externally: true, profile.default_content_setting_values.automatic_downloads: 1, profile.password_manager_enabled: false, profile.password_manager_leak_detection: false, safebrowsing.enabled: true}}, pageLoadStrategy: eager, unhandledPromptBehavior: accept}
19:34:43.175 [Test worker] INFO com.codeborne.selenide.webdriver.WebDriverFactory -- BrowserName=chrome Version=126.0.6478.127 Platform=windows
19:34:43.176 [Test worker] INFO com.codeborne.selenide.webdriver.WebDriverFactory -- Selenide v. 7.3.3
19:34:43.176 [Test worker] INFO com.codeborne.selenide.webdriver.WebDriverFactory -- Selenium WebDriver v. 4.22.0 build revision: c5f3146703*
19:34:43.176 [Test worker] INFO com.codeborne.selenide.drivercommands.CreateDriverCommand -- Created webdriver in thread 1: ChromeDriver -> ChromeDriver: chrome on windows (49255b736c2f6085a7c8400d3064d50d), downloadsFolder: C:\Users\lebed\IdeaProjects\binance_selenium_test_project\build\downloads\1720197281494_27152_1
19:34:43.176 [Test worker] INFO com.codeborne.selenide.drivercommands.DisposablesRegistry -- Register WebDriverInstance[config=StaticConfig, webDriver=ChromeDriver: chrome on windows (49255b736c2f6085a7c8400d3064d50d), proxy=null, downloadsFolder=C:\Users\lebed\IdeaProjects\binance_selenium_test_project\build\downloads\1720197281494_27152_1] in 1 [size=1]
19:35:27.275 [Test worker] INFO com.codeborne.selenide.impl.FileHelper -- Deleted empty folder: C:\Users\lebed\IdeaProjects\binance_selenium_test_project\build\downloads\1720197281494_27152_1
19:35:27.276 [Test worker] INFO com.codeborne.selenide.drivercommands.CloseDriverCommand -- Close webdriver: 1 -> ChromeDriver: chrome on windows (49255b736c2f6085a7c8400d3064d50d)...
19:35:27.768 [Test worker] INFO com.codeborne.selenide.drivercommands.CloseDriverCommand -- Closed webdriver 1 in 492 ms
19:35:27.769 [Test worker] INFO com.codeborne.selenide.drivercommands.DisposablesRegistry -- Unregister WebDriverInstance[config=StaticConfig, webDriver=ChromeDriver: chrome on windows (null), proxy=null, downloadsFolder=C:\Users\lebed\IdeaProjects\binance_selenium_test_project\build\downloads\1720197281494_27152_1] in 1 [size=0]
19:35:27.787 [Test worker] DEBUG io.github.bonigarcia.wdm.WebDriverManager -- Using WebDriverManager 5.6.4
19:35:27.805 [Test worker] DEBUG io.github.bonigarcia.wdm.cache.ResolutionCache -- Resolution chrome=126 in cache (valid until 20:33:50 05/07/2024 MSK)
19:35:27.806 [Test worker] DEBUG io.github.bonigarcia.wdm.cache.ResolutionCache -- Resolution chrome126=126.0.6478.126 in cache (valid until 03:47:21 06/07/2024 MSK)
19:35:27.807 [Test worker] INFO io.github.bonigarcia.wdm.WebDriverManager -- Using chromedriver 126.0.6478.126 (resolved driver for Chrome 126)
19:35:27.830 [Test worker] DEBUG io.github.bonigarcia.wdm.WebDriverManager -- Driver chromedriver 126.0.6478.126 found in cache
19:35:27.832 [Test worker] INFO io.github.bonigarcia.wdm.WebDriverManager -- Exporting webdriver.chrome.driver as C:\Users\lebed\.cache\selenium\chromedriver\win64\126.0.6478.126\chromedriver.exe
19:35:27.834 [Test worker] INFO com.codeborne.selenide.impl.WebDriverThreadLocalContainer -- No webdriver is bound to current thread: 1 - let's create a new webdriver
19:35:27.834 [Test worker] DEBUG com.codeborne.selenide.drivercommands.CreateDriverCommand -- Creating webdriver in thread 1 (ip: 192.168.1.71, host: DESKTOP-KKERF7V)...
19:35:27.835 [Test worker] INFO com.codeborne.selenide.impl.FileHelper -- Creating folder: C:\Users\lebed\IdeaProjects\binance_selenium_test_project\build\downloads\1720197327834_27152_1
19:35:27.836 [Test worker] DEBUG com.codeborne.selenide.webdriver.WebDriverFactory -- browser=chrome
19:35:27.836 [Test worker] DEBUG com.codeborne.selenide.webdriver.WebDriverFactory -- browser.version=null
19:35:27.836 [Test worker] DEBUG com.codeborne.selenide.webdriver.WebDriverFactory -- remote=null
19:35:27.836 [Test worker] DEBUG com.codeborne.selenide.webdriver.WebDriverFactory -- browserSize=1920x1080
19:35:27.836 [Test worker] DEBUG com.codeborne.selenide.webdriver.WebDriverFactory -- downloadsFolder=C:\Users\lebed\IdeaProjects\binance_selenium_test_project\build\downloads\1720197327834_27152_1
19:35:27.837 [Test worker] DEBUG com.codeborne.selenide.webdriver.AbstractChromiumDriverFactory -- Using chromium preferences: {credentials_enable_service=false, safebrowsing.enabled=true, plugins.always_open_pdf_externally=true, profile.default_content_setting_values.automatic_downloads=1, profile.password_manager_enabled=false, profile.password_manager_leak_detection=false, download.default_directory=C:\Users\lebed\IdeaProjects\binance_selenium_test_project\build\downloads\1720197327834_27152_1}
19:35:27.837 [Test worker] DEBUG com.codeborne.selenide.webdriver.ChromeDriverFactory -- Chrome options: Capabilities {acceptInsecureCerts: true, browserName: chrome, goog:chromeOptions: {args: [--proxy-bypass-list=<-loopb..., --disable-dev-shm-usage, --remote-allow-origins=*, --window-size=1920,1080], excludeSwitches: [enable-automation, load-extension], extensions: [], prefs: {credentials_enable_service: false, download.default_directory: C:\Users\lebed\IdeaProjects..., plugins.always_open_pdf_externally: true, profile.default_content_setting_values.automatic_downloads: 1, profile.password_manager_enabled: false, profile.password_manager_leak_detection: false, safebrowsing.enabled: true}}, pageLoadStrategy: eager, unhandledPromptBehavior: accept}
19:35:30.427 [Test worker] INFO com.codeborne.selenide.webdriver.WebDriverFactory -- BrowserName=chrome Version=126.0.6478.127 Platform=windows
19:35:30.427 [Test worker] INFO com.codeborne.selenide.webdriver.WebDriverFactory -- Selenide v. 7.3.3
19:35:30.427 [Test worker] INFO com.codeborne.selenide.webdriver.WebDriverFactory -- Selenium WebDriver v. 4.22.0 build revision: c5f3146703*
19:35:30.427 [Test worker] INFO com.codeborne.selenide.drivercommands.CreateDriverCommand -- Created webdriver in thread 1: ChromeDriver -> ChromeDriver: chrome on windows (af935007cc549fb17334342e4d29f3c8), downloadsFolder: C:\Users\lebed\IdeaProjects\binance_selenium_test_project\build\downloads\1720197327834_27152_1
19:35:30.428 [Test worker] INFO com.codeborne.selenide.drivercommands.DisposablesRegistry -- Register WebDriverInstance[config=StaticConfig, webDriver=ChromeDriver: chrome on windows (af935007cc549fb17334342e4d29f3c8), proxy=null, downloadsFolder=C:\Users\lebed\IdeaProjects\binance_selenium_test_project\build\downloads\1720197327834_27152_1] in 1 [size=1]
19:35:56.167 [Test worker] INFO com.codeborne.selenide.impl.FileHelper -- Deleted empty folder: C:\Users\lebed\IdeaProjects\binance_selenium_test_project\build\downloads\1720197327834_27152_1
19:35:56.168 [Test worker] INFO com.codeborne.selenide.drivercommands.CloseDriverCommand -- Close webdriver: 1 -> ChromeDriver: chrome on windows (af935007cc549fb17334342e4d29f3c8)...
19:35:56.580 [Test worker] INFO com.codeborne.selenide.drivercommands.CloseDriverCommand -- Closed webdriver 1 in 412 ms
19:35:56.581 [Test worker] INFO com.codeborne.selenide.drivercommands.DisposablesRegistry -- Unregister WebDriverInstance[config=StaticConfig, webDriver=ChromeDriver: chrome on windows (null), proxy=null, downloadsFolder=C:\Users\lebed\IdeaProjects\binance_selenium_test_project\build\downloads\1720197327834_27152_1] in 1 [size=0]
19:35:56.601 [Test worker] DEBUG io.github.bonigarcia.wdm.WebDriverManager -- Using WebDriverManager 5.6.4
19:35:56.626 [Test worker] DEBUG io.github.bonigarcia.wdm.cache.ResolutionCache -- Resolution chrome=126 in cache (valid until 20:33:50 05/07/2024 MSK)
19:35:56.627 [Test worker] DEBUG io.github.bonigarcia.wdm.cache.ResolutionCache -- Resolution chrome126=126.0.6478.126 in cache (valid until 03:47:21 06/07/2024 MSK)
19:35:56.628 [Test worker] INFO io.github.bonigarcia.wdm.WebDriverManager -- Using chromedriver 126.0.6478.126 (resolved driver for Chrome 126)
19:35:56.655 [Test worker] DEBUG io.github.bonigarcia.wdm.WebDriverManager -- Driver chromedriver 126.0.6478.126 found in cache
19:35:56.658 [Test worker] INFO io.github.bonigarcia.wdm.WebDriverManager -- Exporting webdriver.chrome.driver as C:\Users\lebed\.cache\selenium\chromedriver\win64\126.0.6478.126\chromedriver.exe
19:35:56.660 [Test worker] INFO com.codeborne.selenide.impl.WebDriverThreadLocalContainer -- No webdriver is bound to current thread: 1 - let's create a new webdriver
19:35:56.660 [Test worker] DEBUG com.codeborne.selenide.drivercommands.CreateDriverCommand -- Creating webdriver in thread 1 (ip: 192.168.1.71, host: DESKTOP-KKERF7V)...
19:35:56.661 [Test worker] INFO com.codeborne.selenide.impl.FileHelper -- Creating folder: C:\Users\lebed\IdeaProjects\binance_selenium_test_project\build\downloads\1720197356661_27152_1
19:35:56.662 [Test worker] DEBUG com.codeborne.selenide.webdriver.WebDriverFactory -- browser=chrome
19:35:56.662 [Test worker] DEBUG com.codeborne.selenide.webdriver.WebDriverFactory -- browser.version=null
19:35:56.662 [Test worker] DEBUG com.codeborne.selenide.webdriver.WebDriverFactory -- remote=null
19:35:56.662 [Test worker] DEBUG com.codeborne.selenide.webdriver.WebDriverFactory -- browserSize=1920x1080
19:35:56.663 [Test worker] DEBUG com.codeborne.selenide.webdriver.WebDriverFactory -- downloadsFolder=C:\Users\lebed\IdeaProjects\binance_selenium_test_project\build\downloads\1720197356661_27152_1
19:35:56.663 [Test worker] DEBUG com.codeborne.selenide.webdriver.AbstractChromiumDriverFactory -- Using chromium preferences: {credentials_enable_service=false, safebrowsing.enabled=true, plugins.always_open_pdf_externally=true, profile.default_content_setting_values.automatic_downloads=1, profile.password_manager_enabled=false, profile.password_manager_leak_detection=false, download.default_directory=C:\Users\lebed\IdeaProjects\binance_selenium_test_project\build\downloads\1720197356661_27152_1}
19:35:56.664 [Test worker] DEBUG com.codeborne.selenide.webdriver.ChromeDriverFactory -- Chrome options: Capabilities {acceptInsecureCerts: true, browserName: chrome, goog:chromeOptions: {args: [--proxy-bypass-list=<-loopb..., --disable-dev-shm-usage, --remote-allow-origins=*, --window-size=1920,1080], excludeSwitches: [enable-automation, load-extension], extensions: [], prefs: {credentials_enable_service: false, download.default_directory: C:\Users\lebed\IdeaProjects..., plugins.always_open_pdf_externally: true, profile.default_content_setting_values.automatic_downloads: 1, profile.password_manager_enabled: false, profile.password_manager_leak_detection: false, safebrowsing.enabled: true}}, pageLoadStrategy: eager, unhandledPromptBehavior: accept}
19:35:58.211 [Test worker] INFO com.codeborne.selenide.webdriver.WebDriverFactory -- BrowserName=chrome Version=126.0.6478.127 Platform=windows
19:35:58.212 [Test worker] INFO com.codeborne.selenide.webdriver.WebDriverFactory -- Selenide v. 7.3.3
19:35:58.212 [Test worker] INFO com.codeborne.selenide.webdriver.WebDriverFactory -- Selenium WebDriver v. 4.22.0 build revision: c5f3146703*
19:35:58.212 [Test worker] INFO com.codeborne.selenide.drivercommands.CreateDriverCommand -- Created webdriver in thread 1: ChromeDriver -> ChromeDriver: chrome on windows (c40f85a425a1705aae7d581160f252bc), downloadsFolder: C:\Users\lebed\IdeaProjects\binance_selenium_test_project\build\downloads\1720197356661_27152_1
19:35:58.212 [Test worker] INFO com.codeborne.selenide.drivercommands.DisposablesRegistry -- Register WebDriverInstance[config=StaticConfig, webDriver=ChromeDriver: chrome on windows (c40f85a425a1705aae7d581160f252bc), proxy=null, downloadsFolder=C:\Users\lebed\IdeaProjects\binance_selenium_test_project\build\downloads\1720197356661_27152_1] in 1 [size=1]
19:36:13.969 [Test worker] INFO com.codeborne.selenide.impl.FileHelper -- Deleted empty folder: C:\Users\lebed\IdeaProjects\binance_selenium_test_project\build\downloads\1720197356661_27152_1
19:36:13.970 [Test worker] INFO com.codeborne.selenide.drivercommands.CloseDriverCommand -- Close webdriver: 1 -> ChromeDriver: chrome on windows (c40f85a425a1705aae7d581160f252bc)...
19:36:16.390 [Test worker] INFO com.codeborne.selenide.drivercommands.CloseDriverCommand -- Closed webdriver 1 in 2420 ms
19:36:16.390 [Test worker] INFO com.codeborne.selenide.drivercommands.DisposablesRegistry -- Unregister WebDriverInstance[config=StaticConfig, webDriver=ChromeDriver: chrome on windows (null), proxy=null, downloadsFolder=C:\Users\lebed\IdeaProjects\binance_selenium_test_project\build\downloads\1720197356661_27152_1] in 1 [size=0]
]]></system-out>
  <system-err><![CDATA[]]></system-err>
</testsuite>
